18:44:06 INFO  : Registering command handlers for SDK TCF services
18:44:08 INFO  : Launching XSCT server: xsct.bat -interactive C:\Users\Jonathan\Desktop\proj2\hello_world\helloWorld\helloWorld.sdk\temp_xsdb_launch_script.tcl
18:44:14 INFO  : XSCT server has started successfully.
18:44:22 INFO  : Successfully done setting XSCT server connection channel  
18:44:22 INFO  : Successfully done setting SDK workspace  
18:44:22 INFO  : Restoring global repository preferences: 
		 C:\Users\Jonathan\Desktop\proj1\release\repositories\ece544ip-library-master
		 C:\Users\Jonathan\Desktop\proj1\release\repositories\digilentip-library-master
18:44:23 ERROR : (XSDB Server)ERROR: [Hsi 55-1434] Error C:/Users/Jonathan/Desktop/proj1/release/repositories/ece544ip-library-master\nexys4IO
18:44:23 ERROR : (XSDB Server)_2.0\drivers\nexys4IO_v1_0\data\._nexys4IO.mdd:1	 Syntax error. Either an invalid Keyword is used in the MDD file or a PARAM/OPTION description is extended over multiple lines. Multiple lines descriptions not supported in MDDs for PSF version 2.1.0.
ERROR: [Hsi 55-1533] Parsing MDD file C:/Users/Jonathan/Desktop/proj1/release/repositories/ece544ip-library-master\nexys4IO_2.0\drivers\nexys4IO_v1_0\data\._nexys4IO.mdd failed

18:44:23 ERROR : Internal error. Unable to add C:\Users\Jonathan\Desktop\proj1\release\repositories\ece544ip-library-master as a repository.
18:44:23 INFO  : Processing command line option -hwspec C:/Users/Jonathan/Desktop/proj2/hello_world/helloWorld/helloWorld.sdk/hello_block_wrapper.hdf.
19:00:39 INFO  : Connected to target on host '127.0.0.1' and port '3121'.
19:00:41 INFO  : 'targets -set -filter {jtag_cable_name =~ "Digilent Nexys4DDR 210292A6EF51A" && level==0} -index 0' command is executed.
19:00:43 INFO  : FPGA configured successfully with bitstream "C:/Users/Jonathan/Desktop/proj2/hello_world/helloWorld/helloWorld.sdk/hello_block_wrapper_hw_platform_0/download.bit"
19:09:26 INFO  : Inferring section assignments and sizes from elf file: C:\Users\Jonathan\Desktop\proj2\hello_world\helloWorld\helloWorld.sdk\hello_world\Debug\hello_world.elf
19:09:40 INFO  : Successfully generated C:\Users\Jonathan\Desktop\proj2\hello_world\helloWorld\helloWorld.sdk\hello_world\src\lscript.ld.
19:09:40 INFO  : Applying linker script to all configurations of project hello_world.
19:09:40 INFO  : Setting rebuild state to true for all configurations of project hello_world.
19:10:28 WARN  : Given IPC port value is invalid. Using default port 2350
19:10:28 WARN  : Given XMD timeout value is invalid. Using default value of 50000
19:10:30 WARN  : Given XMD transaction timeout value is invalid. Using default value of 60000 milli seconds
19:10:30 WARN  : Given XMD transaction timeout value is invalid. Using default value of 60000 milli seconds
19:10:32 WARN  : Given XMD transaction timeout value is invalid. Using default value of 60000 milli seconds
19:10:33 WARN  : Given XMD transaction timeout value is invalid. Using default value of 60000 milli seconds
19:10:33 WARN  : Given XMD transaction timeout value is invalid. Using default value of 60000 milli seconds
19:10:33 WARN  : Given XMD transaction timeout value is invalid. Using default value of 60000 milli seconds
19:10:33 WARN  : Given XMD transaction timeout value is invalid. Using default value of 60000 milli seconds
19:10:33 INFO  : Processor reset is completed for microblaze_0
19:10:33 WARN  : Given XMD transaction timeout value is invalid. Using default value of 60000 milli seconds
19:10:33 WARN  : Given XMD transaction timeout value is invalid. Using default value of 60000 milli seconds
19:10:33 WARN  : Given XMD transaction timeout value is invalid. Using default value of 60000 milli seconds
19:10:34 WARN  : Given XMD transaction timeout value is invalid. Using default value of 60000 milli seconds
19:10:34 WARN  : Given XMD transaction timeout value is invalid. Using default value of 60000 milli seconds
19:10:34 WARN  : Given XMD transaction timeout value is invalid. Using default value of 60000 milli seconds
19:10:51 WARN  : Given XMD transaction timeout value is invalid. Using default value of 60000 milli seconds
19:10:51 INFO  : microblaze_0 Processor is in use. Please stop existing Run or Debug sessions before launching.
19:10:53 WARN  : Given XMD transaction timeout value is invalid. Using default value of 60000 milli seconds
19:10:53 WARN  : Given XMD transaction timeout value is invalid. Using default value of 60000 milli seconds
19:10:53 WARN  : Given XMD transaction timeout value is invalid. Using default value of 60000 milli seconds
19:10:53 INFO  : Processor reset is completed for microblaze_0
19:10:58 ERROR : Port COM15 is already in use.
19:10:58 WARN  : Given XMD transaction timeout value is invalid. Using default value of 60000 milli seconds
19:10:59 WARN  : Given XMD transaction timeout value is invalid. Using default value of 60000 milli seconds
19:10:59 WARN  : Given XMD transaction timeout value is invalid. Using default value of 60000 milli seconds
19:10:59 WARN  : Given XMD transaction timeout value is invalid. Using default value of 60000 milli seconds
19:10:59 WARN  : Given XMD transaction timeout value is invalid. Using default value of 60000 milli seconds
19:10:59 WARN  : Given XMD transaction timeout value is invalid. Using default value of 60000 milli seconds
19:11:20 WARN  : Given XMD transaction timeout value is invalid. Using default value of 60000 milli seconds
19:11:20 INFO  : microblaze_0 Processor is in use. Please stop existing Run or Debug sessions before launching.
19:11:21 WARN  : Given XMD transaction timeout value is invalid. Using default value of 60000 milli seconds
19:11:21 WARN  : Given XMD transaction timeout value is invalid. Using default value of 60000 milli seconds
19:11:21 WARN  : Given XMD transaction timeout value is invalid. Using default value of 60000 milli seconds
19:11:21 INFO  : Processor reset is completed for microblaze_0
19:11:27 WARN  : Given XMD transaction timeout value is invalid. Using default value of 60000 milli seconds
19:11:27 WARN  : Given XMD transaction timeout value is invalid. Using default value of 60000 milli seconds
19:11:27 WARN  : Given XMD transaction timeout value is invalid. Using default value of 60000 milli seconds
19:11:27 WARN  : Given XMD transaction timeout value is invalid. Using default value of 60000 milli seconds
19:11:27 WARN  : Given XMD transaction timeout value is invalid. Using default value of 60000 milli seconds
19:11:27 WARN  : Given XMD transaction timeout value is invalid. Using default value of 60000 milli seconds
19:11:35 WARN  : Given XMD transaction timeout value is invalid. Using default value of 60000 milli seconds
19:11:35 WARN  : Given XMD transaction timeout value is invalid. Using default value of 60000 milli seconds
19:11:35 WARN  : Given XMD transaction timeout value is invalid. Using default value of 60000 milli seconds
19:11:35 WARN  : Given XMD transaction timeout value is invalid. Using default value of 60000 milli seconds
