
*** Running vivado
    with args -log hello_block_wrapper.vdi -applog -m64 -product Vivado -messageDb vivado.pb -mode batch -source hello_block_wrapper.tcl -notrace


****** Vivado v2017.4.1 (64-bit)
  **** SW Build 2117270 on Tue Jan 30 15:32:00 MST 2018
  **** IP Build 2095745 on Tue Jan 30 17:13:15 MST 2018
    ** Copyright 1986-2017 Xilinx, Inc. All Rights Reserved.

source hello_block_wrapper.tcl -notrace
INFO: [IP_Flow 19-234] Refreshing IP repositories
INFO: [IP_Flow 19-1704] No user IP repositories specified
INFO: [IP_Flow 19-2313] Loaded Vivado IP repository 'C:/Xilinx/Vivado/2017.4/data/ip'.
add_files: Time (s): cpu = 00:00:11 ; elapsed = 00:00:12 . Memory (MB): peak = 329.223 ; gain = 78.406
Command: link_design -top hello_block_wrapper -part xc7a100tcsg324-1
Design is defaulting to srcset: sources_1
Design is defaulting to constrset: constrs_1
INFO: [Project 1-454] Reading design checkpoint 'c:/Users/Jonathan/Desktop/proj2/hello_world/helloWorld/helloWorld.srcs/sources_1/bd/hello_block/ip/hello_block_axi_timer_0_0/hello_block_axi_timer_0_0.dcp' for cell 'hello_block_i/axi_timer_0'
INFO: [Project 1-454] Reading design checkpoint 'c:/Users/Jonathan/Desktop/proj2/hello_world/helloWorld/helloWorld.srcs/sources_1/bd/hello_block/ip/hello_block_axi_uartlite_0_0/hello_block_axi_uartlite_0_0.dcp' for cell 'hello_block_i/axi_uartlite_0'
INFO: [Project 1-454] Reading design checkpoint 'c:/Users/Jonathan/Desktop/proj2/hello_world/helloWorld/helloWorld.srcs/sources_1/bd/hello_block/ip/hello_block_clk_wiz_0_0/hello_block_clk_wiz_0_0.dcp' for cell 'hello_block_i/clk_wiz_0'
INFO: [Project 1-454] Reading design checkpoint 'c:/Users/Jonathan/Desktop/proj2/hello_world/helloWorld/helloWorld.srcs/sources_1/bd/hello_block/ip/hello_block_mdm_1_0/hello_block_mdm_1_0.dcp' for cell 'hello_block_i/mdm_1'
INFO: [Project 1-454] Reading design checkpoint 'c:/Users/Jonathan/Desktop/proj2/hello_world/helloWorld/helloWorld.srcs/sources_1/bd/hello_block/ip/hello_block_microblaze_0_0/hello_block_microblaze_0_0.dcp' for cell 'hello_block_i/microblaze_0'
INFO: [Project 1-454] Reading design checkpoint 'c:/Users/Jonathan/Desktop/proj2/hello_world/helloWorld/helloWorld.srcs/sources_1/bd/hello_block/ip/hello_block_microblaze_0_axi_intc_0/hello_block_microblaze_0_axi_intc_0.dcp' for cell 'hello_block_i/microblaze_0_axi_intc'
INFO: [Project 1-454] Reading design checkpoint 'c:/Users/Jonathan/Desktop/proj2/hello_world/helloWorld/helloWorld.srcs/sources_1/bd/hello_block/ip/hello_block_microblaze_0_xlconcat_0/hello_block_microblaze_0_xlconcat_0.dcp' for cell 'hello_block_i/microblaze_0_xlconcat'
INFO: [Project 1-454] Reading design checkpoint 'c:/Users/Jonathan/Desktop/proj2/hello_world/helloWorld/helloWorld.srcs/sources_1/bd/hello_block/ip/hello_block_mig_7series_0_0/hello_block_mig_7series_0_0.dcp' for cell 'hello_block_i/mig_7series_0'
INFO: [Project 1-454] Reading design checkpoint 'c:/Users/Jonathan/Desktop/proj2/hello_world/helloWorld/helloWorld.srcs/sources_1/bd/hello_block/ip/hello_block_proc_sys_reset_0_0/hello_block_proc_sys_reset_0_0.dcp' for cell 'hello_block_i/proc_sys_reset_0'
INFO: [Project 1-454] Reading design checkpoint 'c:/Users/Jonathan/Desktop/proj2/hello_world/helloWorld/helloWorld.srcs/sources_1/bd/hello_block/ip/hello_block_xbar_0/hello_block_xbar_0.dcp' for cell 'hello_block_i/microblaze_0_axi_periph/xbar'
INFO: [Project 1-454] Reading design checkpoint 'c:/Users/Jonathan/Desktop/proj2/hello_world/helloWorld/helloWorld.srcs/sources_1/bd/hello_block/ip/hello_block_auto_ds_0/hello_block_auto_ds_0.dcp' for cell 'hello_block_i/microblaze_0_axi_periph/m00_couplers/auto_ds'
INFO: [Project 1-454] Reading design checkpoint 'c:/Users/Jonathan/Desktop/proj2/hello_world/helloWorld/helloWorld.srcs/sources_1/bd/hello_block/ip/hello_block_auto_pc_0/hello_block_auto_pc_0.dcp' for cell 'hello_block_i/microblaze_0_axi_periph/m00_couplers/auto_pc'
INFO: [Project 1-454] Reading design checkpoint 'c:/Users/Jonathan/Desktop/proj2/hello_world/helloWorld/helloWorld.srcs/sources_1/bd/hello_block/ip/hello_block_auto_ds_1/hello_block_auto_ds_1.dcp' for cell 'hello_block_i/microblaze_0_axi_periph/m01_couplers/auto_ds'
INFO: [Project 1-454] Reading design checkpoint 'c:/Users/Jonathan/Desktop/proj2/hello_world/helloWorld/helloWorld.srcs/sources_1/bd/hello_block/ip/hello_block_auto_pc_1/hello_block_auto_pc_1.dcp' for cell 'hello_block_i/microblaze_0_axi_periph/m01_couplers/auto_pc'
INFO: [Project 1-454] Reading design checkpoint 'c:/Users/Jonathan/Desktop/proj2/hello_world/helloWorld/helloWorld.srcs/sources_1/bd/hello_block/ip/hello_block_auto_cc_0/hello_block_auto_cc_0.dcp' for cell 'hello_block_i/microblaze_0_axi_periph/m02_couplers/auto_cc'
INFO: [Project 1-454] Reading design checkpoint 'c:/Users/Jonathan/Desktop/proj2/hello_world/helloWorld/helloWorld.srcs/sources_1/bd/hello_block/ip/hello_block_auto_ds_2/hello_block_auto_ds_2.dcp' for cell 'hello_block_i/microblaze_0_axi_periph/m03_couplers/auto_ds'
INFO: [Project 1-454] Reading design checkpoint 'c:/Users/Jonathan/Desktop/proj2/hello_world/helloWorld/helloWorld.srcs/sources_1/bd/hello_block/ip/hello_block_auto_pc_2/hello_block_auto_pc_2.dcp' for cell 'hello_block_i/microblaze_0_axi_periph/m03_couplers/auto_pc'
INFO: [Project 1-454] Reading design checkpoint 'c:/Users/Jonathan/Desktop/proj2/hello_world/helloWorld/helloWorld.srcs/sources_1/bd/hello_block/ip/hello_block_auto_ds_3/hello_block_auto_ds_3.dcp' for cell 'hello_block_i/microblaze_0_axi_periph/m04_couplers/auto_ds'
INFO: [Project 1-454] Reading design checkpoint 'c:/Users/Jonathan/Desktop/proj2/hello_world/helloWorld/helloWorld.srcs/sources_1/bd/hello_block/ip/hello_block_auto_pc_3/hello_block_auto_pc_3.dcp' for cell 'hello_block_i/microblaze_0_axi_periph/m04_couplers/auto_pc'
INFO: [Project 1-454] Reading design checkpoint 'c:/Users/Jonathan/Desktop/proj2/hello_world/helloWorld/helloWorld.srcs/sources_1/bd/hello_block/ip/hello_block_auto_pc_4/hello_block_auto_pc_4.dcp' for cell 'hello_block_i/microblaze_0_axi_periph/s00_couplers/auto_pc'
INFO: [Project 1-454] Reading design checkpoint 'c:/Users/Jonathan/Desktop/proj2/hello_world/helloWorld/helloWorld.srcs/sources_1/bd/hello_block/ip/hello_block_auto_us_0/hello_block_auto_us_0.dcp' for cell 'hello_block_i/microblaze_0_axi_periph/s00_couplers/auto_us'
INFO: [Project 1-454] Reading design checkpoint 'c:/Users/Jonathan/Desktop/proj2/hello_world/helloWorld/helloWorld.srcs/sources_1/bd/hello_block/ip/hello_block_auto_us_1/hello_block_auto_us_1.dcp' for cell 'hello_block_i/microblaze_0_axi_periph/s01_couplers/auto_us'
INFO: [Project 1-454] Reading design checkpoint 'c:/Users/Jonathan/Desktop/proj2/hello_world/helloWorld/helloWorld.srcs/sources_1/bd/hello_block/ip/hello_block_auto_us_2/hello_block_auto_us_2.dcp' for cell 'hello_block_i/microblaze_0_axi_periph/s02_couplers/auto_us'
INFO: [Project 1-454] Reading design checkpoint 'c:/Users/Jonathan/Desktop/proj2/hello_world/helloWorld/helloWorld.srcs/sources_1/bd/hello_block/ip/hello_block_dlmb_bram_if_cntlr_0/hello_block_dlmb_bram_if_cntlr_0.dcp' for cell 'hello_block_i/microblaze_0_local_memory/dlmb_bram_if_cntlr'
INFO: [Project 1-454] Reading design checkpoint 'c:/Users/Jonathan/Desktop/proj2/hello_world/helloWorld/helloWorld.srcs/sources_1/bd/hello_block/ip/hello_block_dlmb_v10_0/hello_block_dlmb_v10_0.dcp' for cell 'hello_block_i/microblaze_0_local_memory/dlmb_v10'
INFO: [Project 1-454] Reading design checkpoint 'c:/Users/Jonathan/Desktop/proj2/hello_world/helloWorld/helloWorld.srcs/sources_1/bd/hello_block/ip/hello_block_ilmb_bram_if_cntlr_0/hello_block_ilmb_bram_if_cntlr_0.dcp' for cell 'hello_block_i/microblaze_0_local_memory/ilmb_bram_if_cntlr'
INFO: [Project 1-454] Reading design checkpoint 'c:/Users/Jonathan/Desktop/proj2/hello_world/helloWorld/helloWorld.srcs/sources_1/bd/hello_block/ip/hello_block_ilmb_v10_0/hello_block_ilmb_v10_0.dcp' for cell 'hello_block_i/microblaze_0_local_memory/ilmb_v10'
INFO: [Project 1-454] Reading design checkpoint 'c:/Users/Jonathan/Desktop/proj2/hello_world/helloWorld/helloWorld.srcs/sources_1/bd/hello_block/ip/hello_block_lmb_bram_0/hello_block_lmb_bram_0.dcp' for cell 'hello_block_i/microblaze_0_local_memory/lmb_bram'
INFO: [Netlist 29-17] Analyzing 1232 Unisim elements for replacement
INFO: [Netlist 29-28] Unisim Transformation completed in 1 CPU seconds
INFO: [Project 1-479] Netlist was created with Vivado 2017.4.1
INFO: [Device 21-403] Loading part xc7a100tcsg324-1
INFO: [Project 1-570] Preparing netlist for logic optimization
Parsing XDC File [c:/Users/Jonathan/Desktop/proj2/hello_world/helloWorld/helloWorld.srcs/sources_1/bd/hello_block/ip/hello_block_clk_wiz_0_0/hello_block_clk_wiz_0_0_board.xdc] for cell 'hello_block_i/clk_wiz_0/inst'
WARNING: [Vivado 12-584] No ports matched 'reset'. [c:/Users/Jonathan/Desktop/proj2/hello_world/helloWorld/helloWorld.srcs/sources_1/bd/hello_block/ip/hello_block_clk_wiz_0_0/hello_block_clk_wiz_0_0_board.xdc:4]
CRITICAL WARNING: [Common 17-55] 'set_property' expects at least one object. [c:/Users/Jonathan/Desktop/proj2/hello_world/helloWorld/helloWorld.srcs/sources_1/bd/hello_block/ip/hello_block_clk_wiz_0_0/hello_block_clk_wiz_0_0_board.xdc:4]
Resolution: If [get_<value>] was used to populate the object, check to make sure this command returns at least one valid object.
Finished Parsing XDC File [c:/Users/Jonathan/Desktop/proj2/hello_world/helloWorld/helloWorld.srcs/sources_1/bd/hello_block/ip/hello_block_clk_wiz_0_0/hello_block_clk_wiz_0_0_board.xdc] for cell 'hello_block_i/clk_wiz_0/inst'
Parsing XDC File [c:/Users/Jonathan/Desktop/proj2/hello_world/helloWorld/helloWorld.srcs/sources_1/bd/hello_block/ip/hello_block_clk_wiz_0_0/hello_block_clk_wiz_0_0.xdc] for cell 'hello_block_i/clk_wiz_0/inst'
INFO: [Timing 38-35] Done setting XDC timing constraints. [c:/Users/Jonathan/Desktop/proj2/hello_world/helloWorld/helloWorld.srcs/sources_1/bd/hello_block/ip/hello_block_clk_wiz_0_0/hello_block_clk_wiz_0_0.xdc:57]
INFO: [Timing 38-2] Deriving generated clocks [c:/Users/Jonathan/Desktop/proj2/hello_world/helloWorld/helloWorld.srcs/sources_1/bd/hello_block/ip/hello_block_clk_wiz_0_0/hello_block_clk_wiz_0_0.xdc:57]
get_clocks: Time (s): cpu = 00:00:23 ; elapsed = 00:00:22 . Memory (MB): peak = 1434.207 ; gain = 598.250
Finished Parsing XDC File [c:/Users/Jonathan/Desktop/proj2/hello_world/helloWorld/helloWorld.srcs/sources_1/bd/hello_block/ip/hello_block_clk_wiz_0_0/hello_block_clk_wiz_0_0.xdc] for cell 'hello_block_i/clk_wiz_0/inst'
Parsing XDC File [c:/Users/Jonathan/Desktop/proj2/hello_world/helloWorld/helloWorld.srcs/sources_1/bd/hello_block/ip/hello_block_proc_sys_reset_0_0/hello_block_proc_sys_reset_0_0_board.xdc] for cell 'hello_block_i/proc_sys_reset_0/U0'
Finished Parsing XDC File [c:/Users/Jonathan/Desktop/proj2/hello_world/helloWorld/helloWorld.srcs/sources_1/bd/hello_block/ip/hello_block_proc_sys_reset_0_0/hello_block_proc_sys_reset_0_0_board.xdc] for cell 'hello_block_i/proc_sys_reset_0/U0'
Parsing XDC File [c:/Users/Jonathan/Desktop/proj2/hello_world/helloWorld/helloWorld.srcs/sources_1/bd/hello_block/ip/hello_block_proc_sys_reset_0_0/hello_block_proc_sys_reset_0_0.xdc] for cell 'hello_block_i/proc_sys_reset_0/U0'
Finished Parsing XDC File [c:/Users/Jonathan/Desktop/proj2/hello_world/helloWorld/helloWorld.srcs/sources_1/bd/hello_block/ip/hello_block_proc_sys_reset_0_0/hello_block_proc_sys_reset_0_0.xdc] for cell 'hello_block_i/proc_sys_reset_0/U0'
Parsing XDC File [c:/Users/Jonathan/Desktop/proj2/hello_world/helloWorld/helloWorld.srcs/sources_1/bd/hello_block/ip/hello_block_microblaze_0_0/hello_block_microblaze_0_0.xdc] for cell 'hello_block_i/microblaze_0/U0'
Finished Parsing XDC File [c:/Users/Jonathan/Desktop/proj2/hello_world/helloWorld/helloWorld.srcs/sources_1/bd/hello_block/ip/hello_block_microblaze_0_0/hello_block_microblaze_0_0.xdc] for cell 'hello_block_i/microblaze_0/U0'
Parsing XDC File [c:/Users/Jonathan/Desktop/proj2/hello_world/helloWorld/helloWorld.srcs/sources_1/bd/hello_block/ip/hello_block_microblaze_0_axi_intc_0/hello_block_microblaze_0_axi_intc_0.xdc] for cell 'hello_block_i/microblaze_0_axi_intc/U0'
Finished Parsing XDC File [c:/Users/Jonathan/Desktop/proj2/hello_world/helloWorld/helloWorld.srcs/sources_1/bd/hello_block/ip/hello_block_microblaze_0_axi_intc_0/hello_block_microblaze_0_axi_intc_0.xdc] for cell 'hello_block_i/microblaze_0_axi_intc/U0'
Parsing XDC File [c:/Users/Jonathan/Desktop/proj2/hello_world/helloWorld/helloWorld.srcs/sources_1/bd/hello_block/ip/hello_block_mdm_1_0/hello_block_mdm_1_0.xdc] for cell 'hello_block_i/mdm_1/U0'
Finished Parsing XDC File [c:/Users/Jonathan/Desktop/proj2/hello_world/helloWorld/helloWorld.srcs/sources_1/bd/hello_block/ip/hello_block_mdm_1_0/hello_block_mdm_1_0.xdc] for cell 'hello_block_i/mdm_1/U0'
Parsing XDC File [c:/Users/Jonathan/Desktop/proj2/hello_world/helloWorld/helloWorld.srcs/sources_1/bd/hello_block/ip/hello_block_mig_7series_0_0/hello_block_mig_7series_0_0/user_design/constraints/hello_block_mig_7series_0_0.xdc] for cell 'hello_block_i/mig_7series_0'
Finished Parsing XDC File [c:/Users/Jonathan/Desktop/proj2/hello_world/helloWorld/helloWorld.srcs/sources_1/bd/hello_block/ip/hello_block_mig_7series_0_0/hello_block_mig_7series_0_0/user_design/constraints/hello_block_mig_7series_0_0.xdc] for cell 'hello_block_i/mig_7series_0'
Parsing XDC File [c:/Users/Jonathan/Desktop/proj2/hello_world/helloWorld/helloWorld.srcs/sources_1/bd/hello_block/ip/hello_block_axi_timer_0_0/hello_block_axi_timer_0_0.xdc] for cell 'hello_block_i/axi_timer_0/U0'
Finished Parsing XDC File [c:/Users/Jonathan/Desktop/proj2/hello_world/helloWorld/helloWorld.srcs/sources_1/bd/hello_block/ip/hello_block_axi_timer_0_0/hello_block_axi_timer_0_0.xdc] for cell 'hello_block_i/axi_timer_0/U0'
Parsing XDC File [c:/Users/Jonathan/Desktop/proj2/hello_world/helloWorld/helloWorld.srcs/sources_1/bd/hello_block/ip/hello_block_axi_uartlite_0_0/hello_block_axi_uartlite_0_0_board.xdc] for cell 'hello_block_i/axi_uartlite_0/U0'
Finished Parsing XDC File [c:/Users/Jonathan/Desktop/proj2/hello_world/helloWorld/helloWorld.srcs/sources_1/bd/hello_block/ip/hello_block_axi_uartlite_0_0/hello_block_axi_uartlite_0_0_board.xdc] for cell 'hello_block_i/axi_uartlite_0/U0'
Parsing XDC File [c:/Users/Jonathan/Desktop/proj2/hello_world/helloWorld/helloWorld.srcs/sources_1/bd/hello_block/ip/hello_block_axi_uartlite_0_0/hello_block_axi_uartlite_0_0.xdc] for cell 'hello_block_i/axi_uartlite_0/U0'
Finished Parsing XDC File [c:/Users/Jonathan/Desktop/proj2/hello_world/helloWorld/helloWorld.srcs/sources_1/bd/hello_block/ip/hello_block_axi_uartlite_0_0/hello_block_axi_uartlite_0_0.xdc] for cell 'hello_block_i/axi_uartlite_0/U0'
Parsing XDC File [c:/Users/Jonathan/Desktop/proj2/hello_world/helloWorld/helloWorld.srcs/sources_1/bd/hello_block/ip/hello_block_dlmb_v10_0/hello_block_dlmb_v10_0.xdc] for cell 'hello_block_i/microblaze_0_local_memory/dlmb_v10/U0'
Finished Parsing XDC File [c:/Users/Jonathan/Desktop/proj2/hello_world/helloWorld/helloWorld.srcs/sources_1/bd/hello_block/ip/hello_block_dlmb_v10_0/hello_block_dlmb_v10_0.xdc] for cell 'hello_block_i/microblaze_0_local_memory/dlmb_v10/U0'
Parsing XDC File [c:/Users/Jonathan/Desktop/proj2/hello_world/helloWorld/helloWorld.srcs/sources_1/bd/hello_block/ip/hello_block_ilmb_v10_0/hello_block_ilmb_v10_0.xdc] for cell 'hello_block_i/microblaze_0_local_memory/ilmb_v10/U0'
Finished Parsing XDC File [c:/Users/Jonathan/Desktop/proj2/hello_world/helloWorld/helloWorld.srcs/sources_1/bd/hello_block/ip/hello_block_ilmb_v10_0/hello_block_ilmb_v10_0.xdc] for cell 'hello_block_i/microblaze_0_local_memory/ilmb_v10/U0'
INFO: [Project 1-538] Using original IP XDC constraints instead of the XDC constraints in dcp 'c:/Users/Jonathan/Desktop/proj2/hello_world/helloWorld/helloWorld.srcs/sources_1/bd/hello_block/ip/hello_block_auto_ds_3/hello_block_auto_ds_3.dcp'
INFO: [Project 1-538] Using original IP XDC constraints instead of the XDC constraints in dcp 'c:/Users/Jonathan/Desktop/proj2/hello_world/helloWorld/helloWorld.srcs/sources_1/bd/hello_block/ip/hello_block_auto_ds_2/hello_block_auto_ds_2.dcp'
INFO: [Project 1-538] Using original IP XDC constraints instead of the XDC constraints in dcp 'c:/Users/Jonathan/Desktop/proj2/hello_world/helloWorld/helloWorld.srcs/sources_1/bd/hello_block/ip/hello_block_auto_cc_0/hello_block_auto_cc_0.dcp'
INFO: [Project 1-538] Using original IP XDC constraints instead of the XDC constraints in dcp 'c:/Users/Jonathan/Desktop/proj2/hello_world/helloWorld/helloWorld.srcs/sources_1/bd/hello_block/ip/hello_block_auto_ds_1/hello_block_auto_ds_1.dcp'
INFO: [Project 1-538] Using original IP XDC constraints instead of the XDC constraints in dcp 'c:/Users/Jonathan/Desktop/proj2/hello_world/helloWorld/helloWorld.srcs/sources_1/bd/hello_block/ip/hello_block_auto_ds_0/hello_block_auto_ds_0.dcp'
Parsing XDC File [c:/Users/Jonathan/Desktop/proj2/hello_world/helloWorld/helloWorld.srcs/sources_1/bd/hello_block/ip/hello_block_microblaze_0_axi_intc_0/hello_block_microblaze_0_axi_intc_0_clocks.xdc] for cell 'hello_block_i/microblaze_0_axi_intc/U0'
Finished Parsing XDC File [c:/Users/Jonathan/Desktop/proj2/hello_world/helloWorld/helloWorld.srcs/sources_1/bd/hello_block/ip/hello_block_microblaze_0_axi_intc_0/hello_block_microblaze_0_axi_intc_0_clocks.xdc] for cell 'hello_block_i/microblaze_0_axi_intc/U0'
Parsing XDC File [c:/Users/Jonathan/Desktop/proj2/hello_world/helloWorld/helloWorld.srcs/sources_1/bd/hello_block/ip/hello_block_auto_ds_3/hello_block_auto_ds_3_clocks.xdc] for cell 'hello_block_i/microblaze_0_axi_periph/m04_couplers/auto_ds/inst'
Finished Parsing XDC File [c:/Users/Jonathan/Desktop/proj2/hello_world/helloWorld/helloWorld.srcs/sources_1/bd/hello_block/ip/hello_block_auto_ds_3/hello_block_auto_ds_3_clocks.xdc] for cell 'hello_block_i/microblaze_0_axi_periph/m04_couplers/auto_ds/inst'
Parsing XDC File [c:/Users/Jonathan/Desktop/proj2/hello_world/helloWorld/helloWorld.srcs/sources_1/bd/hello_block/ip/hello_block_auto_ds_2/hello_block_auto_ds_2_clocks.xdc] for cell 'hello_block_i/microblaze_0_axi_periph/m03_couplers/auto_ds/inst'
Finished Parsing XDC File [c:/Users/Jonathan/Desktop/proj2/hello_world/helloWorld/helloWorld.srcs/sources_1/bd/hello_block/ip/hello_block_auto_ds_2/hello_block_auto_ds_2_clocks.xdc] for cell 'hello_block_i/microblaze_0_axi_periph/m03_couplers/auto_ds/inst'
Parsing XDC File [c:/Users/Jonathan/Desktop/proj2/hello_world/helloWorld/helloWorld.srcs/sources_1/bd/hello_block/ip/hello_block_auto_cc_0/hello_block_auto_cc_0_clocks.xdc] for cell 'hello_block_i/microblaze_0_axi_periph/m02_couplers/auto_cc/inst'
Finished Parsing XDC File [c:/Users/Jonathan/Desktop/proj2/hello_world/helloWorld/helloWorld.srcs/sources_1/bd/hello_block/ip/hello_block_auto_cc_0/hello_block_auto_cc_0_clocks.xdc] for cell 'hello_block_i/microblaze_0_axi_periph/m02_couplers/auto_cc/inst'
Parsing XDC File [c:/Users/Jonathan/Desktop/proj2/hello_world/helloWorld/helloWorld.srcs/sources_1/bd/hello_block/ip/hello_block_auto_ds_1/hello_block_auto_ds_1_clocks.xdc] for cell 'hello_block_i/microblaze_0_axi_periph/m01_couplers/auto_ds/inst'
Finished Parsing XDC File [c:/Users/Jonathan/Desktop/proj2/hello_world/helloWorld/helloWorld.srcs/sources_1/bd/hello_block/ip/hello_block_auto_ds_1/hello_block_auto_ds_1_clocks.xdc] for cell 'hello_block_i/microblaze_0_axi_periph/m01_couplers/auto_ds/inst'
Parsing XDC File [c:/Users/Jonathan/Desktop/proj2/hello_world/helloWorld/helloWorld.srcs/sources_1/bd/hello_block/ip/hello_block_auto_ds_0/hello_block_auto_ds_0_clocks.xdc] for cell 'hello_block_i/microblaze_0_axi_periph/m00_couplers/auto_ds/inst'
Finished Parsing XDC File [c:/Users/Jonathan/Desktop/proj2/hello_world/helloWorld/helloWorld.srcs/sources_1/bd/hello_block/ip/hello_block_auto_ds_0/hello_block_auto_ds_0_clocks.xdc] for cell 'hello_block_i/microblaze_0_axi_periph/m00_couplers/auto_ds/inst'
Parsing XDC File [c:/Users/Jonathan/Desktop/proj2/hello_world/helloWorld/helloWorld.srcs/sources_1/bd/hello_block/ip/hello_block_auto_us_2/hello_block_auto_us_2_clocks.xdc] for cell 'hello_block_i/microblaze_0_axi_periph/s02_couplers/auto_us/inst'
Finished Parsing XDC File [c:/Users/Jonathan/Desktop/proj2/hello_world/helloWorld/helloWorld.srcs/sources_1/bd/hello_block/ip/hello_block_auto_us_2/hello_block_auto_us_2_clocks.xdc] for cell 'hello_block_i/microblaze_0_axi_periph/s02_couplers/auto_us/inst'
Parsing XDC File [c:/Users/Jonathan/Desktop/proj2/hello_world/helloWorld/helloWorld.srcs/sources_1/bd/hello_block/ip/hello_block_auto_us_1/hello_block_auto_us_1_clocks.xdc] for cell 'hello_block_i/microblaze_0_axi_periph/s01_couplers/auto_us/inst'
Finished Parsing XDC File [c:/Users/Jonathan/Desktop/proj2/hello_world/helloWorld/helloWorld.srcs/sources_1/bd/hello_block/ip/hello_block_auto_us_1/hello_block_auto_us_1_clocks.xdc] for cell 'hello_block_i/microblaze_0_axi_periph/s01_couplers/auto_us/inst'
Parsing XDC File [c:/Users/Jonathan/Desktop/proj2/hello_world/helloWorld/helloWorld.srcs/sources_1/bd/hello_block/ip/hello_block_auto_us_0/hello_block_auto_us_0_clocks.xdc] for cell 'hello_block_i/microblaze_0_axi_periph/s00_couplers/auto_us/inst'
Finished Parsing XDC File [c:/Users/Jonathan/Desktop/proj2/hello_world/helloWorld/helloWorld.srcs/sources_1/bd/hello_block/ip/hello_block_auto_us_0/hello_block_auto_us_0_clocks.xdc] for cell 'hello_block_i/microblaze_0_axi_periph/s00_couplers/auto_us/inst'
Sourcing Tcl File [C:/Xilinx/Vivado/2017.4/data/ip/xpm/xpm_cdc/tcl/xpm_cdc_async_rst.tcl] for cell 'hello_block_i/microblaze_0_axi_periph/m02_couplers/auto_cc/inst/gen_clock_conv.gen_async_conv.asyncfifo_axi/inst_fifo_gen/gaxi_full_lite.gread_ch.grdch2.axi_rdch/grf.rf/rstblk/ngwrdrst.grst.g7serrst.gnsckt_wrst.gic_rst.rst_rd_reg2_inst'
Finished Sourcing Tcl File [C:/Xilinx/Vivado/2017.4/data/ip/xpm/xpm_cdc/tcl/xpm_cdc_async_rst.tcl] for cell 'hello_block_i/microblaze_0_axi_periph/m02_couplers/auto_cc/inst/gen_clock_conv.gen_async_conv.asyncfifo_axi/inst_fifo_gen/gaxi_full_lite.gread_ch.grdch2.axi_rdch/grf.rf/rstblk/ngwrdrst.grst.g7serrst.gnsckt_wrst.gic_rst.rst_rd_reg2_inst'
Sourcing Tcl File [C:/Xilinx/Vivado/2017.4/data/ip/xpm/xpm_cdc/tcl/xpm_cdc_async_rst.tcl] for cell 'hello_block_i/microblaze_0_axi_periph/m02_couplers/auto_cc/inst/gen_clock_conv.gen_async_conv.asyncfifo_axi/inst_fifo_gen/gaxi_full_lite.gwrite_ch.gwrch2.axi_wrch/grf.rf/rstblk/ngwrdrst.grst.g7serrst.gnsckt_wrst.gic_rst.rst_rd_reg2_inst'
Finished Sourcing Tcl File [C:/Xilinx/Vivado/2017.4/data/ip/xpm/xpm_cdc/tcl/xpm_cdc_async_rst.tcl] for cell 'hello_block_i/microblaze_0_axi_periph/m02_couplers/auto_cc/inst/gen_clock_conv.gen_async_conv.asyncfifo_axi/inst_fifo_gen/gaxi_full_lite.gwrite_ch.gwrch2.axi_wrch/grf.rf/rstblk/ngwrdrst.grst.g7serrst.gnsckt_wrst.gic_rst.rst_rd_reg2_inst'
Sourcing Tcl File [C:/Xilinx/Vivado/2017.4/data/ip/xpm/xpm_cdc/tcl/xpm_cdc_async_rst.tcl] for cell 'hello_block_i/microblaze_0_axi_periph/m02_couplers/auto_cc/inst/gen_clock_conv.gen_async_conv.asyncfifo_axi/inst_fifo_gen/gaxi_full_lite.gread_ch.grach2.axi_rach/grf.rf/rstblk/ngwrdrst.grst.g7serrst.gnsckt_wrst.rst_wr_reg2_inst'
Finished Sourcing Tcl File [C:/Xilinx/Vivado/2017.4/data/ip/xpm/xpm_cdc/tcl/xpm_cdc_async_rst.tcl] for cell 'hello_block_i/microblaze_0_axi_periph/m02_couplers/auto_cc/inst/gen_clock_conv.gen_async_conv.asyncfifo_axi/inst_fifo_gen/gaxi_full_lite.gread_ch.grach2.axi_rach/grf.rf/rstblk/ngwrdrst.grst.g7serrst.gnsckt_wrst.rst_wr_reg2_inst'
Sourcing Tcl File [C:/Xilinx/Vivado/2017.4/data/ip/xpm/xpm_cdc/tcl/xpm_cdc_async_rst.tcl] for cell 'hello_block_i/microblaze_0_axi_periph/m02_couplers/auto_cc/inst/gen_clock_conv.gen_async_conv.asyncfifo_axi/inst_fifo_gen/gaxi_full_lite.gread_ch.grach2.axi_rach/grf.rf/rstblk/ngwrdrst.grst.g7serrst.gnsckt_wrst.gic_rst.rst_rd_reg2_inst'
Finished Sourcing Tcl File [C:/Xilinx/Vivado/2017.4/data/ip/xpm/xpm_cdc/tcl/xpm_cdc_async_rst.tcl] for cell 'hello_block_i/microblaze_0_axi_periph/m02_couplers/auto_cc/inst/gen_clock_conv.gen_async_conv.asyncfifo_axi/inst_fifo_gen/gaxi_full_lite.gread_ch.grach2.axi_rach/grf.rf/rstblk/ngwrdrst.grst.g7serrst.gnsckt_wrst.gic_rst.rst_rd_reg2_inst'
Sourcing Tcl File [C:/Xilinx/Vivado/2017.4/data/ip/xpm/xpm_cdc/tcl/xpm_cdc_async_rst.tcl] for cell 'hello_block_i/microblaze_0_axi_periph/m02_couplers/auto_cc/inst/gen_clock_conv.gen_async_conv.asyncfifo_axi/inst_fifo_gen/gaxi_full_lite.gread_ch.grdch2.axi_rdch/grf.rf/rstblk/ngwrdrst.grst.g7serrst.gnsckt_wrst.rst_wr_reg2_inst'
Finished Sourcing Tcl File [C:/Xilinx/Vivado/2017.4/data/ip/xpm/xpm_cdc/tcl/xpm_cdc_async_rst.tcl] for cell 'hello_block_i/microblaze_0_axi_periph/m02_couplers/auto_cc/inst/gen_clock_conv.gen_async_conv.asyncfifo_axi/inst_fifo_gen/gaxi_full_lite.gread_ch.grdch2.axi_rdch/grf.rf/rstblk/ngwrdrst.grst.g7serrst.gnsckt_wrst.rst_wr_reg2_inst'
Sourcing Tcl File [C:/Xilinx/Vivado/2017.4/data/ip/xpm/xpm_cdc/tcl/xpm_cdc_async_rst.tcl] for cell 'hello_block_i/microblaze_0_axi_periph/m02_couplers/auto_cc/inst/gen_clock_conv.gen_async_conv.asyncfifo_axi/inst_fifo_gen/gaxi_full_lite.gwrite_ch.gwach2.axi_wach/grf.rf/rstblk/ngwrdrst.grst.g7serrst.gnsckt_wrst.rst_wr_reg2_inst'
Finished Sourcing Tcl File [C:/Xilinx/Vivado/2017.4/data/ip/xpm/xpm_cdc/tcl/xpm_cdc_async_rst.tcl] for cell 'hello_block_i/microblaze_0_axi_periph/m02_couplers/auto_cc/inst/gen_clock_conv.gen_async_conv.asyncfifo_axi/inst_fifo_gen/gaxi_full_lite.gwrite_ch.gwach2.axi_wach/grf.rf/rstblk/ngwrdrst.grst.g7serrst.gnsckt_wrst.rst_wr_reg2_inst'
Sourcing Tcl File [C:/Xilinx/Vivado/2017.4/data/ip/xpm/xpm_cdc/tcl/xpm_cdc_async_rst.tcl] for cell 'hello_block_i/microblaze_0_axi_periph/m02_couplers/auto_cc/inst/gen_clock_conv.gen_async_conv.asyncfifo_axi/inst_fifo_gen/gaxi_full_lite.gwrite_ch.gwach2.axi_wach/grf.rf/rstblk/ngwrdrst.grst.g7serrst.gnsckt_wrst.gic_rst.rst_rd_reg2_inst'
Finished Sourcing Tcl File [C:/Xilinx/Vivado/2017.4/data/ip/xpm/xpm_cdc/tcl/xpm_cdc_async_rst.tcl] for cell 'hello_block_i/microblaze_0_axi_periph/m02_couplers/auto_cc/inst/gen_clock_conv.gen_async_conv.asyncfifo_axi/inst_fifo_gen/gaxi_full_lite.gwrite_ch.gwach2.axi_wach/grf.rf/rstblk/ngwrdrst.grst.g7serrst.gnsckt_wrst.gic_rst.rst_rd_reg2_inst'
Sourcing Tcl File [C:/Xilinx/Vivado/2017.4/data/ip/xpm/xpm_cdc/tcl/xpm_cdc_async_rst.tcl] for cell 'hello_block_i/microblaze_0_axi_periph/m02_couplers/auto_cc/inst/gen_clock_conv.gen_async_conv.asyncfifo_axi/inst_fifo_gen/gaxi_full_lite.gwrite_ch.gwdch2.axi_wdch/grf.rf/rstblk/ngwrdrst.grst.g7serrst.gnsckt_wrst.rst_wr_reg2_inst'
Finished Sourcing Tcl File [C:/Xilinx/Vivado/2017.4/data/ip/xpm/xpm_cdc/tcl/xpm_cdc_async_rst.tcl] for cell 'hello_block_i/microblaze_0_axi_periph/m02_couplers/auto_cc/inst/gen_clock_conv.gen_async_conv.asyncfifo_axi/inst_fifo_gen/gaxi_full_lite.gwrite_ch.gwdch2.axi_wdch/grf.rf/rstblk/ngwrdrst.grst.g7serrst.gnsckt_wrst.rst_wr_reg2_inst'
Sourcing Tcl File [C:/Xilinx/Vivado/2017.4/data/ip/xpm/xpm_cdc/tcl/xpm_cdc_async_rst.tcl] for cell 'hello_block_i/microblaze_0_axi_periph/m02_couplers/auto_cc/inst/gen_clock_conv.gen_async_conv.asyncfifo_axi/inst_fifo_gen/gaxi_full_lite.gwrite_ch.gwdch2.axi_wdch/grf.rf/rstblk/ngwrdrst.grst.g7serrst.gnsckt_wrst.gic_rst.rst_rd_reg2_inst'
Finished Sourcing Tcl File [C:/Xilinx/Vivado/2017.4/data/ip/xpm/xpm_cdc/tcl/xpm_cdc_async_rst.tcl] for cell 'hello_block_i/microblaze_0_axi_periph/m02_couplers/auto_cc/inst/gen_clock_conv.gen_async_conv.asyncfifo_axi/inst_fifo_gen/gaxi_full_lite.gwrite_ch.gwdch2.axi_wdch/grf.rf/rstblk/ngwrdrst.grst.g7serrst.gnsckt_wrst.gic_rst.rst_rd_reg2_inst'
Sourcing Tcl File [C:/Xilinx/Vivado/2017.4/data/ip/xpm/xpm_cdc/tcl/xpm_cdc_async_rst.tcl] for cell 'hello_block_i/microblaze_0_axi_periph/m02_couplers/auto_cc/inst/gen_clock_conv.gen_async_conv.asyncfifo_axi/inst_fifo_gen/gaxi_full_lite.gwrite_ch.gwrch2.axi_wrch/grf.rf/rstblk/ngwrdrst.grst.g7serrst.gnsckt_wrst.rst_wr_reg2_inst'
Finished Sourcing Tcl File [C:/Xilinx/Vivado/2017.4/data/ip/xpm/xpm_cdc/tcl/xpm_cdc_async_rst.tcl] for cell 'hello_block_i/microblaze_0_axi_periph/m02_couplers/auto_cc/inst/gen_clock_conv.gen_async_conv.asyncfifo_axi/inst_fifo_gen/gaxi_full_lite.gwrite_ch.gwrch2.axi_wrch/grf.rf/rstblk/ngwrdrst.grst.g7serrst.gnsckt_wrst.rst_wr_reg2_inst'
Sourcing Tcl File [C:/Xilinx/Vivado/2017.4/data/ip/xpm/xpm_cdc/tcl/xpm_cdc_async_rst.tcl] for cell 'hello_block_i/microblaze_0_axi_periph/m00_couplers/auto_ds/inst/gen_downsizer.gen_simple_downsizer.axi_downsizer_inst/USE_READ.read_addr_inst/cmd_queue/inst/fifo_gen_inst/inst_fifo_gen/gconvfifo.rf/grf.rf/rstblk/ngwrdrst.grst.g7serrst.gnsckt_wrst.rst_wr_reg2_inst'
Finished Sourcing Tcl File [C:/Xilinx/Vivado/2017.4/data/ip/xpm/xpm_cdc/tcl/xpm_cdc_async_rst.tcl] for cell 'hello_block_i/microblaze_0_axi_periph/m00_couplers/auto_ds/inst/gen_downsizer.gen_simple_downsizer.axi_downsizer_inst/USE_READ.read_addr_inst/cmd_queue/inst/fifo_gen_inst/inst_fifo_gen/gconvfifo.rf/grf.rf/rstblk/ngwrdrst.grst.g7serrst.gnsckt_wrst.rst_wr_reg2_inst'
Sourcing Tcl File [C:/Xilinx/Vivado/2017.4/data/ip/xpm/xpm_cdc/tcl/xpm_cdc_async_rst.tcl] for cell 'hello_block_i/microblaze_0_axi_periph/m00_couplers/auto_ds/inst/gen_downsizer.gen_simple_downsizer.axi_downsizer_inst/USE_WRITE.write_addr_inst/USE_B_CHANNEL.cmd_b_queue/inst/fifo_gen_inst/inst_fifo_gen/gconvfifo.rf/grf.rf/rstblk/ngwrdrst.grst.g7serrst.gnsckt_wrst.rst_wr_reg2_inst'
Finished Sourcing Tcl File [C:/Xilinx/Vivado/2017.4/data/ip/xpm/xpm_cdc/tcl/xpm_cdc_async_rst.tcl] for cell 'hello_block_i/microblaze_0_axi_periph/m00_couplers/auto_ds/inst/gen_downsizer.gen_simple_downsizer.axi_downsizer_inst/USE_WRITE.write_addr_inst/USE_B_CHANNEL.cmd_b_queue/inst/fifo_gen_inst/inst_fifo_gen/gconvfifo.rf/grf.rf/rstblk/ngwrdrst.grst.g7serrst.gnsckt_wrst.rst_wr_reg2_inst'
Sourcing Tcl File [C:/Xilinx/Vivado/2017.4/data/ip/xpm/xpm_cdc/tcl/xpm_cdc_async_rst.tcl] for cell 'hello_block_i/microblaze_0_axi_periph/m00_couplers/auto_ds/inst/gen_downsizer.gen_simple_downsizer.axi_downsizer_inst/USE_WRITE.write_addr_inst/cmd_queue/inst/fifo_gen_inst/inst_fifo_gen/gconvfifo.rf/grf.rf/rstblk/ngwrdrst.grst.g7serrst.gnsckt_wrst.rst_wr_reg2_inst'
Finished Sourcing Tcl File [C:/Xilinx/Vivado/2017.4/data/ip/xpm/xpm_cdc/tcl/xpm_cdc_async_rst.tcl] for cell 'hello_block_i/microblaze_0_axi_periph/m00_couplers/auto_ds/inst/gen_downsizer.gen_simple_downsizer.axi_downsizer_inst/USE_WRITE.write_addr_inst/cmd_queue/inst/fifo_gen_inst/inst_fifo_gen/gconvfifo.rf/grf.rf/rstblk/ngwrdrst.grst.g7serrst.gnsckt_wrst.rst_wr_reg2_inst'
Sourcing Tcl File [C:/Xilinx/Vivado/2017.4/data/ip/xpm/xpm_cdc/tcl/xpm_cdc_async_rst.tcl] for cell 'hello_block_i/microblaze_0_axi_periph/m01_couplers/auto_ds/inst/gen_downsizer.gen_simple_downsizer.axi_downsizer_inst/USE_READ.read_addr_inst/cmd_queue/inst/fifo_gen_inst/inst_fifo_gen/gconvfifo.rf/grf.rf/rstblk/ngwrdrst.grst.g7serrst.gnsckt_wrst.rst_wr_reg2_inst'
Finished Sourcing Tcl File [C:/Xilinx/Vivado/2017.4/data/ip/xpm/xpm_cdc/tcl/xpm_cdc_async_rst.tcl] for cell 'hello_block_i/microblaze_0_axi_periph/m01_couplers/auto_ds/inst/gen_downsizer.gen_simple_downsizer.axi_downsizer_inst/USE_READ.read_addr_inst/cmd_queue/inst/fifo_gen_inst/inst_fifo_gen/gconvfifo.rf/grf.rf/rstblk/ngwrdrst.grst.g7serrst.gnsckt_wrst.rst_wr_reg2_inst'
Sourcing Tcl File [C:/Xilinx/Vivado/2017.4/data/ip/xpm/xpm_cdc/tcl/xpm_cdc_async_rst.tcl] for cell 'hello_block_i/microblaze_0_axi_periph/m01_couplers/auto_ds/inst/gen_downsizer.gen_simple_downsizer.axi_downsizer_inst/USE_WRITE.write_addr_inst/USE_B_CHANNEL.cmd_b_queue/inst/fifo_gen_inst/inst_fifo_gen/gconvfifo.rf/grf.rf/rstblk/ngwrdrst.grst.g7serrst.gnsckt_wrst.rst_wr_reg2_inst'
Finished Sourcing Tcl File [C:/Xilinx/Vivado/2017.4/data/ip/xpm/xpm_cdc/tcl/xpm_cdc_async_rst.tcl] for cell 'hello_block_i/microblaze_0_axi_periph/m01_couplers/auto_ds/inst/gen_downsizer.gen_simple_downsizer.axi_downsizer_inst/USE_WRITE.write_addr_inst/USE_B_CHANNEL.cmd_b_queue/inst/fifo_gen_inst/inst_fifo_gen/gconvfifo.rf/grf.rf/rstblk/ngwrdrst.grst.g7serrst.gnsckt_wrst.rst_wr_reg2_inst'
Sourcing Tcl File [C:/Xilinx/Vivado/2017.4/data/ip/xpm/xpm_cdc/tcl/xpm_cdc_async_rst.tcl] for cell 'hello_block_i/microblaze_0_axi_periph/m01_couplers/auto_ds/inst/gen_downsizer.gen_simple_downsizer.axi_downsizer_inst/USE_WRITE.write_addr_inst/cmd_queue/inst/fifo_gen_inst/inst_fifo_gen/gconvfifo.rf/grf.rf/rstblk/ngwrdrst.grst.g7serrst.gnsckt_wrst.rst_wr_reg2_inst'
Finished Sourcing Tcl File [C:/Xilinx/Vivado/2017.4/data/ip/xpm/xpm_cdc/tcl/xpm_cdc_async_rst.tcl] for cell 'hello_block_i/microblaze_0_axi_periph/m01_couplers/auto_ds/inst/gen_downsizer.gen_simple_downsizer.axi_downsizer_inst/USE_WRITE.write_addr_inst/cmd_queue/inst/fifo_gen_inst/inst_fifo_gen/gconvfifo.rf/grf.rf/rstblk/ngwrdrst.grst.g7serrst.gnsckt_wrst.rst_wr_reg2_inst'
Sourcing Tcl File [C:/Xilinx/Vivado/2017.4/data/ip/xpm/xpm_cdc/tcl/xpm_cdc_async_rst.tcl] for cell 'hello_block_i/microblaze_0_axi_periph/m03_couplers/auto_ds/inst/gen_downsizer.gen_simple_downsizer.axi_downsizer_inst/USE_READ.read_addr_inst/cmd_queue/inst/fifo_gen_inst/inst_fifo_gen/gconvfifo.rf/grf.rf/rstblk/ngwrdrst.grst.g7serrst.gnsckt_wrst.rst_wr_reg2_inst'
Finished Sourcing Tcl File [C:/Xilinx/Vivado/2017.4/data/ip/xpm/xpm_cdc/tcl/xpm_cdc_async_rst.tcl] for cell 'hello_block_i/microblaze_0_axi_periph/m03_couplers/auto_ds/inst/gen_downsizer.gen_simple_downsizer.axi_downsizer_inst/USE_READ.read_addr_inst/cmd_queue/inst/fifo_gen_inst/inst_fifo_gen/gconvfifo.rf/grf.rf/rstblk/ngwrdrst.grst.g7serrst.gnsckt_wrst.rst_wr_reg2_inst'
Sourcing Tcl File [C:/Xilinx/Vivado/2017.4/data/ip/xpm/xpm_cdc/tcl/xpm_cdc_async_rst.tcl] for cell 'hello_block_i/microblaze_0_axi_periph/m03_couplers/auto_ds/inst/gen_downsizer.gen_simple_downsizer.axi_downsizer_inst/USE_WRITE.write_addr_inst/USE_B_CHANNEL.cmd_b_queue/inst/fifo_gen_inst/inst_fifo_gen/gconvfifo.rf/grf.rf/rstblk/ngwrdrst.grst.g7serrst.gnsckt_wrst.rst_wr_reg2_inst'
Finished Sourcing Tcl File [C:/Xilinx/Vivado/2017.4/data/ip/xpm/xpm_cdc/tcl/xpm_cdc_async_rst.tcl] for cell 'hello_block_i/microblaze_0_axi_periph/m03_couplers/auto_ds/inst/gen_downsizer.gen_simple_downsizer.axi_downsizer_inst/USE_WRITE.write_addr_inst/USE_B_CHANNEL.cmd_b_queue/inst/fifo_gen_inst/inst_fifo_gen/gconvfifo.rf/grf.rf/rstblk/ngwrdrst.grst.g7serrst.gnsckt_wrst.rst_wr_reg2_inst'
Sourcing Tcl File [C:/Xilinx/Vivado/2017.4/data/ip/xpm/xpm_cdc/tcl/xpm_cdc_async_rst.tcl] for cell 'hello_block_i/microblaze_0_axi_periph/m03_couplers/auto_ds/inst/gen_downsizer.gen_simple_downsizer.axi_downsizer_inst/USE_WRITE.write_addr_inst/cmd_queue/inst/fifo_gen_inst/inst_fifo_gen/gconvfifo.rf/grf.rf/rstblk/ngwrdrst.grst.g7serrst.gnsckt_wrst.rst_wr_reg2_inst'
Finished Sourcing Tcl File [C:/Xilinx/Vivado/2017.4/data/ip/xpm/xpm_cdc/tcl/xpm_cdc_async_rst.tcl] for cell 'hello_block_i/microblaze_0_axi_periph/m03_couplers/auto_ds/inst/gen_downsizer.gen_simple_downsizer.axi_downsizer_inst/USE_WRITE.write_addr_inst/cmd_queue/inst/fifo_gen_inst/inst_fifo_gen/gconvfifo.rf/grf.rf/rstblk/ngwrdrst.grst.g7serrst.gnsckt_wrst.rst_wr_reg2_inst'
Sourcing Tcl File [C:/Xilinx/Vivado/2017.4/data/ip/xpm/xpm_cdc/tcl/xpm_cdc_async_rst.tcl] for cell 'hello_block_i/microblaze_0_axi_periph/m04_couplers/auto_ds/inst/gen_downsizer.gen_simple_downsizer.axi_downsizer_inst/USE_READ.read_addr_inst/cmd_queue/inst/fifo_gen_inst/inst_fifo_gen/gconvfifo.rf/grf.rf/rstblk/ngwrdrst.grst.g7serrst.gnsckt_wrst.rst_wr_reg2_inst'
Finished Sourcing Tcl File [C:/Xilinx/Vivado/2017.4/data/ip/xpm/xpm_cdc/tcl/xpm_cdc_async_rst.tcl] for cell 'hello_block_i/microblaze_0_axi_periph/m04_couplers/auto_ds/inst/gen_downsizer.gen_simple_downsizer.axi_downsizer_inst/USE_READ.read_addr_inst/cmd_queue/inst/fifo_gen_inst/inst_fifo_gen/gconvfifo.rf/grf.rf/rstblk/ngwrdrst.grst.g7serrst.gnsckt_wrst.rst_wr_reg2_inst'
Sourcing Tcl File [C:/Xilinx/Vivado/2017.4/data/ip/xpm/xpm_cdc/tcl/xpm_cdc_async_rst.tcl] for cell 'hello_block_i/microblaze_0_axi_periph/m04_couplers/auto_ds/inst/gen_downsizer.gen_simple_downsizer.axi_downsizer_inst/USE_WRITE.write_addr_inst/USE_B_CHANNEL.cmd_b_queue/inst/fifo_gen_inst/inst_fifo_gen/gconvfifo.rf/grf.rf/rstblk/ngwrdrst.grst.g7serrst.gnsckt_wrst.rst_wr_reg2_inst'
Finished Sourcing Tcl File [C:/Xilinx/Vivado/2017.4/data/ip/xpm/xpm_cdc/tcl/xpm_cdc_async_rst.tcl] for cell 'hello_block_i/microblaze_0_axi_periph/m04_couplers/auto_ds/inst/gen_downsizer.gen_simple_downsizer.axi_downsizer_inst/USE_WRITE.write_addr_inst/USE_B_CHANNEL.cmd_b_queue/inst/fifo_gen_inst/inst_fifo_gen/gconvfifo.rf/grf.rf/rstblk/ngwrdrst.grst.g7serrst.gnsckt_wrst.rst_wr_reg2_inst'
Sourcing Tcl File [C:/Xilinx/Vivado/2017.4/data/ip/xpm/xpm_cdc/tcl/xpm_cdc_async_rst.tcl] for cell 'hello_block_i/microblaze_0_axi_periph/m04_couplers/auto_ds/inst/gen_downsizer.gen_simple_downsizer.axi_downsizer_inst/USE_WRITE.write_addr_inst/cmd_queue/inst/fifo_gen_inst/inst_fifo_gen/gconvfifo.rf/grf.rf/rstblk/ngwrdrst.grst.g7serrst.gnsckt_wrst.rst_wr_reg2_inst'
Finished Sourcing Tcl File [C:/Xilinx/Vivado/2017.4/data/ip/xpm/xpm_cdc/tcl/xpm_cdc_async_rst.tcl] for cell 'hello_block_i/microblaze_0_axi_periph/m04_couplers/auto_ds/inst/gen_downsizer.gen_simple_downsizer.axi_downsizer_inst/USE_WRITE.write_addr_inst/cmd_queue/inst/fifo_gen_inst/inst_fifo_gen/gconvfifo.rf/grf.rf/rstblk/ngwrdrst.grst.g7serrst.gnsckt_wrst.rst_wr_reg2_inst'
Sourcing Tcl File [C:/Xilinx/Vivado/2017.4/data/ip/xpm/xpm_cdc/tcl/xpm_cdc_gray.tcl] for cell 'hello_block_i/microblaze_0_axi_periph/m02_couplers/auto_cc/inst/gen_clock_conv.gen_async_conv.asyncfifo_axi/inst_fifo_gen/gaxi_full_lite.gread_ch.grdch2.axi_rdch/grf.rf/gntv_or_sync_fifo.gcx.clkx/rd_pntr_cdc_inst'
Finished Sourcing Tcl File [C:/Xilinx/Vivado/2017.4/data/ip/xpm/xpm_cdc/tcl/xpm_cdc_gray.tcl] for cell 'hello_block_i/microblaze_0_axi_periph/m02_couplers/auto_cc/inst/gen_clock_conv.gen_async_conv.asyncfifo_axi/inst_fifo_gen/gaxi_full_lite.gread_ch.grdch2.axi_rdch/grf.rf/gntv_or_sync_fifo.gcx.clkx/rd_pntr_cdc_inst'
Sourcing Tcl File [C:/Xilinx/Vivado/2017.4/data/ip/xpm/xpm_cdc/tcl/xpm_cdc_gray.tcl] for cell 'hello_block_i/microblaze_0_axi_periph/m02_couplers/auto_cc/inst/gen_clock_conv.gen_async_conv.asyncfifo_axi/inst_fifo_gen/gaxi_full_lite.gwrite_ch.gwrch2.axi_wrch/grf.rf/gntv_or_sync_fifo.gcx.clkx/rd_pntr_cdc_inst'
Finished Sourcing Tcl File [C:/Xilinx/Vivado/2017.4/data/ip/xpm/xpm_cdc/tcl/xpm_cdc_gray.tcl] for cell 'hello_block_i/microblaze_0_axi_periph/m02_couplers/auto_cc/inst/gen_clock_conv.gen_async_conv.asyncfifo_axi/inst_fifo_gen/gaxi_full_lite.gwrite_ch.gwrch2.axi_wrch/grf.rf/gntv_or_sync_fifo.gcx.clkx/rd_pntr_cdc_inst'
Sourcing Tcl File [C:/Xilinx/Vivado/2017.4/data/ip/xpm/xpm_cdc/tcl/xpm_cdc_gray.tcl] for cell 'hello_block_i/microblaze_0_axi_periph/m02_couplers/auto_cc/inst/gen_clock_conv.gen_async_conv.asyncfifo_axi/inst_fifo_gen/gaxi_full_lite.gread_ch.grach2.axi_rach/grf.rf/gntv_or_sync_fifo.gcx.clkx/wr_pntr_cdc_inst'
Finished Sourcing Tcl File [C:/Xilinx/Vivado/2017.4/data/ip/xpm/xpm_cdc/tcl/xpm_cdc_gray.tcl] for cell 'hello_block_i/microblaze_0_axi_periph/m02_couplers/auto_cc/inst/gen_clock_conv.gen_async_conv.asyncfifo_axi/inst_fifo_gen/gaxi_full_lite.gread_ch.grach2.axi_rach/grf.rf/gntv_or_sync_fifo.gcx.clkx/wr_pntr_cdc_inst'
Sourcing Tcl File [C:/Xilinx/Vivado/2017.4/data/ip/xpm/xpm_cdc/tcl/xpm_cdc_gray.tcl] for cell 'hello_block_i/microblaze_0_axi_periph/m02_couplers/auto_cc/inst/gen_clock_conv.gen_async_conv.asyncfifo_axi/inst_fifo_gen/gaxi_full_lite.gread_ch.grach2.axi_rach/grf.rf/gntv_or_sync_fifo.gcx.clkx/rd_pntr_cdc_inst'
Finished Sourcing Tcl File [C:/Xilinx/Vivado/2017.4/data/ip/xpm/xpm_cdc/tcl/xpm_cdc_gray.tcl] for cell 'hello_block_i/microblaze_0_axi_periph/m02_couplers/auto_cc/inst/gen_clock_conv.gen_async_conv.asyncfifo_axi/inst_fifo_gen/gaxi_full_lite.gread_ch.grach2.axi_rach/grf.rf/gntv_or_sync_fifo.gcx.clkx/rd_pntr_cdc_inst'
Sourcing Tcl File [C:/Xilinx/Vivado/2017.4/data/ip/xpm/xpm_cdc/tcl/xpm_cdc_gray.tcl] for cell 'hello_block_i/microblaze_0_axi_periph/m02_couplers/auto_cc/inst/gen_clock_conv.gen_async_conv.asyncfifo_axi/inst_fifo_gen/gaxi_full_lite.gread_ch.grdch2.axi_rdch/grf.rf/gntv_or_sync_fifo.gcx.clkx/wr_pntr_cdc_inst'
Finished Sourcing Tcl File [C:/Xilinx/Vivado/2017.4/data/ip/xpm/xpm_cdc/tcl/xpm_cdc_gray.tcl] for cell 'hello_block_i/microblaze_0_axi_periph/m02_couplers/auto_cc/inst/gen_clock_conv.gen_async_conv.asyncfifo_axi/inst_fifo_gen/gaxi_full_lite.gread_ch.grdch2.axi_rdch/grf.rf/gntv_or_sync_fifo.gcx.clkx/wr_pntr_cdc_inst'
Sourcing Tcl File [C:/Xilinx/Vivado/2017.4/data/ip/xpm/xpm_cdc/tcl/xpm_cdc_gray.tcl] for cell 'hello_block_i/microblaze_0_axi_periph/m02_couplers/auto_cc/inst/gen_clock_conv.gen_async_conv.asyncfifo_axi/inst_fifo_gen/gaxi_full_lite.gwrite_ch.gwach2.axi_wach/grf.rf/gntv_or_sync_fifo.gcx.clkx/wr_pntr_cdc_inst'
Finished Sourcing Tcl File [C:/Xilinx/Vivado/2017.4/data/ip/xpm/xpm_cdc/tcl/xpm_cdc_gray.tcl] for cell 'hello_block_i/microblaze_0_axi_periph/m02_couplers/auto_cc/inst/gen_clock_conv.gen_async_conv.asyncfifo_axi/inst_fifo_gen/gaxi_full_lite.gwrite_ch.gwach2.axi_wach/grf.rf/gntv_or_sync_fifo.gcx.clkx/wr_pntr_cdc_inst'
Sourcing Tcl File [C:/Xilinx/Vivado/2017.4/data/ip/xpm/xpm_cdc/tcl/xpm_cdc_gray.tcl] for cell 'hello_block_i/microblaze_0_axi_periph/m02_couplers/auto_cc/inst/gen_clock_conv.gen_async_conv.asyncfifo_axi/inst_fifo_gen/gaxi_full_lite.gwrite_ch.gwach2.axi_wach/grf.rf/gntv_or_sync_fifo.gcx.clkx/rd_pntr_cdc_inst'
Finished Sourcing Tcl File [C:/Xilinx/Vivado/2017.4/data/ip/xpm/xpm_cdc/tcl/xpm_cdc_gray.tcl] for cell 'hello_block_i/microblaze_0_axi_periph/m02_couplers/auto_cc/inst/gen_clock_conv.gen_async_conv.asyncfifo_axi/inst_fifo_gen/gaxi_full_lite.gwrite_ch.gwach2.axi_wach/grf.rf/gntv_or_sync_fifo.gcx.clkx/rd_pntr_cdc_inst'
Sourcing Tcl File [C:/Xilinx/Vivado/2017.4/data/ip/xpm/xpm_cdc/tcl/xpm_cdc_gray.tcl] for cell 'hello_block_i/microblaze_0_axi_periph/m02_couplers/auto_cc/inst/gen_clock_conv.gen_async_conv.asyncfifo_axi/inst_fifo_gen/gaxi_full_lite.gwrite_ch.gwdch2.axi_wdch/grf.rf/gntv_or_sync_fifo.gcx.clkx/wr_pntr_cdc_inst'
Finished Sourcing Tcl File [C:/Xilinx/Vivado/2017.4/data/ip/xpm/xpm_cdc/tcl/xpm_cdc_gray.tcl] for cell 'hello_block_i/microblaze_0_axi_periph/m02_couplers/auto_cc/inst/gen_clock_conv.gen_async_conv.asyncfifo_axi/inst_fifo_gen/gaxi_full_lite.gwrite_ch.gwdch2.axi_wdch/grf.rf/gntv_or_sync_fifo.gcx.clkx/wr_pntr_cdc_inst'
Sourcing Tcl File [C:/Xilinx/Vivado/2017.4/data/ip/xpm/xpm_cdc/tcl/xpm_cdc_gray.tcl] for cell 'hello_block_i/microblaze_0_axi_periph/m02_couplers/auto_cc/inst/gen_clock_conv.gen_async_conv.asyncfifo_axi/inst_fifo_gen/gaxi_full_lite.gwrite_ch.gwdch2.axi_wdch/grf.rf/gntv_or_sync_fifo.gcx.clkx/rd_pntr_cdc_inst'
Finished Sourcing Tcl File [C:/Xilinx/Vivado/2017.4/data/ip/xpm/xpm_cdc/tcl/xpm_cdc_gray.tcl] for cell 'hello_block_i/microblaze_0_axi_periph/m02_couplers/auto_cc/inst/gen_clock_conv.gen_async_conv.asyncfifo_axi/inst_fifo_gen/gaxi_full_lite.gwrite_ch.gwdch2.axi_wdch/grf.rf/gntv_or_sync_fifo.gcx.clkx/rd_pntr_cdc_inst'
Sourcing Tcl File [C:/Xilinx/Vivado/2017.4/data/ip/xpm/xpm_cdc/tcl/xpm_cdc_gray.tcl] for cell 'hello_block_i/microblaze_0_axi_periph/m02_couplers/auto_cc/inst/gen_clock_conv.gen_async_conv.asyncfifo_axi/inst_fifo_gen/gaxi_full_lite.gwrite_ch.gwrch2.axi_wrch/grf.rf/gntv_or_sync_fifo.gcx.clkx/wr_pntr_cdc_inst'
Finished Sourcing Tcl File [C:/Xilinx/Vivado/2017.4/data/ip/xpm/xpm_cdc/tcl/xpm_cdc_gray.tcl] for cell 'hello_block_i/microblaze_0_axi_periph/m02_couplers/auto_cc/inst/gen_clock_conv.gen_async_conv.asyncfifo_axi/inst_fifo_gen/gaxi_full_lite.gwrite_ch.gwrch2.axi_wrch/grf.rf/gntv_or_sync_fifo.gcx.clkx/wr_pntr_cdc_inst'
Sourcing Tcl File [C:/Xilinx/Vivado/2017.4/data/ip/xpm/xpm_cdc/tcl/xpm_cdc_single.tcl] for cell 'hello_block_i/microblaze_0_axi_periph/m02_couplers/auto_cc/inst/gen_clock_conv.gen_async_conv.asyncfifo_axi/inst_fifo_gen/gaxi_full_lite.gread_ch.grdch2.axi_rdch/grf.rf/rstblk/ngwrdrst.grst.g7serrst.gnsckt_wrst.gic_rst.xpm_cdc_single_inst_rrst_wr'
Finished Sourcing Tcl File [C:/Xilinx/Vivado/2017.4/data/ip/xpm/xpm_cdc/tcl/xpm_cdc_single.tcl] for cell 'hello_block_i/microblaze_0_axi_periph/m02_couplers/auto_cc/inst/gen_clock_conv.gen_async_conv.asyncfifo_axi/inst_fifo_gen/gaxi_full_lite.gread_ch.grdch2.axi_rdch/grf.rf/rstblk/ngwrdrst.grst.g7serrst.gnsckt_wrst.gic_rst.xpm_cdc_single_inst_rrst_wr'
Sourcing Tcl File [C:/Xilinx/Vivado/2017.4/data/ip/xpm/xpm_cdc/tcl/xpm_cdc_single.tcl] for cell 'hello_block_i/microblaze_0_axi_periph/m02_couplers/auto_cc/inst/gen_clock_conv.gen_async_conv.asyncfifo_axi/inst_fifo_gen/gaxi_full_lite.gwrite_ch.gwrch2.axi_wrch/grf.rf/rstblk/ngwrdrst.grst.g7serrst.gnsckt_wrst.gic_rst.xpm_cdc_single_inst_rrst_wr'
Finished Sourcing Tcl File [C:/Xilinx/Vivado/2017.4/data/ip/xpm/xpm_cdc/tcl/xpm_cdc_single.tcl] for cell 'hello_block_i/microblaze_0_axi_periph/m02_couplers/auto_cc/inst/gen_clock_conv.gen_async_conv.asyncfifo_axi/inst_fifo_gen/gaxi_full_lite.gwrite_ch.gwrch2.axi_wrch/grf.rf/rstblk/ngwrdrst.grst.g7serrst.gnsckt_wrst.gic_rst.xpm_cdc_single_inst_rrst_wr'
Sourcing Tcl File [C:/Xilinx/Vivado/2017.4/data/ip/xpm/xpm_cdc/tcl/xpm_cdc_single.tcl] for cell 'hello_block_i/microblaze_0_axi_periph/m02_couplers/auto_cc/inst/gen_clock_conv.gen_async_conv.asyncfifo_axi/inst_fifo_gen/gaxi_full_lite.gread_ch.grach2.axi_rach/grf.rf/rstblk/ngwrdrst.grst.g7serrst.gnsckt_wrst.gic_rst.xpm_cdc_single_inst_wrst_rd'
Finished Sourcing Tcl File [C:/Xilinx/Vivado/2017.4/data/ip/xpm/xpm_cdc/tcl/xpm_cdc_single.tcl] for cell 'hello_block_i/microblaze_0_axi_periph/m02_couplers/auto_cc/inst/gen_clock_conv.gen_async_conv.asyncfifo_axi/inst_fifo_gen/gaxi_full_lite.gread_ch.grach2.axi_rach/grf.rf/rstblk/ngwrdrst.grst.g7serrst.gnsckt_wrst.gic_rst.xpm_cdc_single_inst_wrst_rd'
Sourcing Tcl File [C:/Xilinx/Vivado/2017.4/data/ip/xpm/xpm_cdc/tcl/xpm_cdc_single.tcl] for cell 'hello_block_i/microblaze_0_axi_periph/m02_couplers/auto_cc/inst/gen_clock_conv.gen_async_conv.asyncfifo_axi/inst_fifo_gen/gaxi_full_lite.gread_ch.grach2.axi_rach/grf.rf/rstblk/ngwrdrst.grst.g7serrst.gnsckt_wrst.gic_rst.xpm_cdc_single_inst_rrst_wr'
Finished Sourcing Tcl File [C:/Xilinx/Vivado/2017.4/data/ip/xpm/xpm_cdc/tcl/xpm_cdc_single.tcl] for cell 'hello_block_i/microblaze_0_axi_periph/m02_couplers/auto_cc/inst/gen_clock_conv.gen_async_conv.asyncfifo_axi/inst_fifo_gen/gaxi_full_lite.gread_ch.grach2.axi_rach/grf.rf/rstblk/ngwrdrst.grst.g7serrst.gnsckt_wrst.gic_rst.xpm_cdc_single_inst_rrst_wr'
Sourcing Tcl File [C:/Xilinx/Vivado/2017.4/data/ip/xpm/xpm_cdc/tcl/xpm_cdc_single.tcl] for cell 'hello_block_i/microblaze_0_axi_periph/m02_couplers/auto_cc/inst/gen_clock_conv.gen_async_conv.asyncfifo_axi/inst_fifo_gen/gaxi_full_lite.gread_ch.grdch2.axi_rdch/grf.rf/rstblk/ngwrdrst.grst.g7serrst.gnsckt_wrst.gic_rst.xpm_cdc_single_inst_wrst_rd'
Finished Sourcing Tcl File [C:/Xilinx/Vivado/2017.4/data/ip/xpm/xpm_cdc/tcl/xpm_cdc_single.tcl] for cell 'hello_block_i/microblaze_0_axi_periph/m02_couplers/auto_cc/inst/gen_clock_conv.gen_async_conv.asyncfifo_axi/inst_fifo_gen/gaxi_full_lite.gread_ch.grdch2.axi_rdch/grf.rf/rstblk/ngwrdrst.grst.g7serrst.gnsckt_wrst.gic_rst.xpm_cdc_single_inst_wrst_rd'
Sourcing Tcl File [C:/Xilinx/Vivado/2017.4/data/ip/xpm/xpm_cdc/tcl/xpm_cdc_single.tcl] for cell 'hello_block_i/microblaze_0_axi_periph/m02_couplers/auto_cc/inst/gen_clock_conv.gen_async_conv.asyncfifo_axi/inst_fifo_gen/gaxi_full_lite.gwrite_ch.gwach2.axi_wach/grf.rf/rstblk/ngwrdrst.grst.g7serrst.gnsckt_wrst.gic_rst.xpm_cdc_single_inst_wrst_rd'
Finished Sourcing Tcl File [C:/Xilinx/Vivado/2017.4/data/ip/xpm/xpm_cdc/tcl/xpm_cdc_single.tcl] for cell 'hello_block_i/microblaze_0_axi_periph/m02_couplers/auto_cc/inst/gen_clock_conv.gen_async_conv.asyncfifo_axi/inst_fifo_gen/gaxi_full_lite.gwrite_ch.gwach2.axi_wach/grf.rf/rstblk/ngwrdrst.grst.g7serrst.gnsckt_wrst.gic_rst.xpm_cdc_single_inst_wrst_rd'
Sourcing Tcl File [C:/Xilinx/Vivado/2017.4/data/ip/xpm/xpm_cdc/tcl/xpm_cdc_single.tcl] for cell 'hello_block_i/microblaze_0_axi_periph/m02_couplers/auto_cc/inst/gen_clock_conv.gen_async_conv.asyncfifo_axi/inst_fifo_gen/gaxi_full_lite.gwrite_ch.gwach2.axi_wach/grf.rf/rstblk/ngwrdrst.grst.g7serrst.gnsckt_wrst.gic_rst.xpm_cdc_single_inst_rrst_wr'
Finished Sourcing Tcl File [C:/Xilinx/Vivado/2017.4/data/ip/xpm/xpm_cdc/tcl/xpm_cdc_single.tcl] for cell 'hello_block_i/microblaze_0_axi_periph/m02_couplers/auto_cc/inst/gen_clock_conv.gen_async_conv.asyncfifo_axi/inst_fifo_gen/gaxi_full_lite.gwrite_ch.gwach2.axi_wach/grf.rf/rstblk/ngwrdrst.grst.g7serrst.gnsckt_wrst.gic_rst.xpm_cdc_single_inst_rrst_wr'
Sourcing Tcl File [C:/Xilinx/Vivado/2017.4/data/ip/xpm/xpm_cdc/tcl/xpm_cdc_single.tcl] for cell 'hello_block_i/microblaze_0_axi_periph/m02_couplers/auto_cc/inst/gen_clock_conv.gen_async_conv.asyncfifo_axi/inst_fifo_gen/gaxi_full_lite.gwrite_ch.gwdch2.axi_wdch/grf.rf/rstblk/ngwrdrst.grst.g7serrst.gnsckt_wrst.gic_rst.xpm_cdc_single_inst_wrst_rd'
Finished Sourcing Tcl File [C:/Xilinx/Vivado/2017.4/data/ip/xpm/xpm_cdc/tcl/xpm_cdc_single.tcl] for cell 'hello_block_i/microblaze_0_axi_periph/m02_couplers/auto_cc/inst/gen_clock_conv.gen_async_conv.asyncfifo_axi/inst_fifo_gen/gaxi_full_lite.gwrite_ch.gwdch2.axi_wdch/grf.rf/rstblk/ngwrdrst.grst.g7serrst.gnsckt_wrst.gic_rst.xpm_cdc_single_inst_wrst_rd'
Sourcing Tcl File [C:/Xilinx/Vivado/2017.4/data/ip/xpm/xpm_cdc/tcl/xpm_cdc_single.tcl] for cell 'hello_block_i/microblaze_0_axi_periph/m02_couplers/auto_cc/inst/gen_clock_conv.gen_async_conv.asyncfifo_axi/inst_fifo_gen/gaxi_full_lite.gwrite_ch.gwdch2.axi_wdch/grf.rf/rstblk/ngwrdrst.grst.g7serrst.gnsckt_wrst.gic_rst.xpm_cdc_single_inst_rrst_wr'
Finished Sourcing Tcl File [C:/Xilinx/Vivado/2017.4/data/ip/xpm/xpm_cdc/tcl/xpm_cdc_single.tcl] for cell 'hello_block_i/microblaze_0_axi_periph/m02_couplers/auto_cc/inst/gen_clock_conv.gen_async_conv.asyncfifo_axi/inst_fifo_gen/gaxi_full_lite.gwrite_ch.gwdch2.axi_wdch/grf.rf/rstblk/ngwrdrst.grst.g7serrst.gnsckt_wrst.gic_rst.xpm_cdc_single_inst_rrst_wr'
Sourcing Tcl File [C:/Xilinx/Vivado/2017.4/data/ip/xpm/xpm_cdc/tcl/xpm_cdc_single.tcl] for cell 'hello_block_i/microblaze_0_axi_periph/m02_couplers/auto_cc/inst/gen_clock_conv.gen_async_conv.asyncfifo_axi/inst_fifo_gen/gaxi_full_lite.gwrite_ch.gwrch2.axi_wrch/grf.rf/rstblk/ngwrdrst.grst.g7serrst.gnsckt_wrst.gic_rst.xpm_cdc_single_inst_wrst_rd'
Finished Sourcing Tcl File [C:/Xilinx/Vivado/2017.4/data/ip/xpm/xpm_cdc/tcl/xpm_cdc_single.tcl] for cell 'hello_block_i/microblaze_0_axi_periph/m02_couplers/auto_cc/inst/gen_clock_conv.gen_async_conv.asyncfifo_axi/inst_fifo_gen/gaxi_full_lite.gwrite_ch.gwrch2.axi_wrch/grf.rf/rstblk/ngwrdrst.grst.g7serrst.gnsckt_wrst.gic_rst.xpm_cdc_single_inst_wrst_rd'
INFO: [Opt 31-138] Pushed 0 inverter(s) to 0 load pin(s).
Generating merged BMM file for the design top 'hello_block_wrapper'...
INFO: [Memdata 28-144] Successfully populated the BRAM INIT strings from the following elf files: c:/Users/Jonathan/Desktop/proj2/hello_world/helloWorld/helloWorld.srcs/sources_1/bd/hello_block/ip/hello_block_microblaze_0_0/data/mb_bootloop_le.elf 
INFO: [Project 1-111] Unisim Transformation Summary:
  A total of 411 instances were transformed.
  IOBUFDS_INTERMDISABLE => IOBUFDS_INTERMDISABLE (IBUFDS_INTERMDISABLE_INT, IBUFDS_INTERMDISABLE_INT, INV, OBUFTDS, OBUFTDS): 2 instances
  IOBUF_INTERMDISABLE => IOBUF_INTERMDISABLE (IBUF_INTERMDISABLE, OBUFT): 16 instances
  LUT6_2 => LUT6_2 (LUT5, LUT6): 88 instances
  OBUFDS => OBUFDS_DUAL_BUF (INV, OBUFDS, OBUFDS): 1 instances
  RAM16X1D => RAM32X1D (RAMD32, RAMD32): 32 instances
  RAM32M => RAM32M (RAMD32, RAMD32, RAMD32, RAMD32, RAMD32, RAMD32, RAMS32, RAMS32): 240 instances
  RAM32X1D => RAM32X1D (RAMD32, RAMD32): 32 instances

46 Infos, 1 Warnings, 1 Critical Warnings and 0 Errors encountered.
link_design completed successfully
link_design: Time (s): cpu = 00:01:01 ; elapsed = 00:01:04 . Memory (MB): peak = 1470.582 ; gain = 1141.359
Command: opt_design
Attempting to get a license for feature 'Implementation' and/or device 'xc7a100t'
INFO: [Common 17-349] Got license for feature 'Implementation' and/or device 'xc7a100t'
Running DRC as a precondition to command opt_design

Starting DRC Task
INFO: [DRC 23-27] Running DRC with 2 threads
INFO: [Project 1-461] DRC finished with 0 Errors
INFO: [Project 1-462] Please refer to the DRC report (report_drc) for more information.

Time (s): cpu = 00:00:03 ; elapsed = 00:00:02 . Memory (MB): peak = 1470.582 ; gain = 0.000
INFO: [Timing 38-35] Done setting XDC timing constraints.

Starting Logic Optimization Task

Phase 1 Retarget
INFO: [Opt 31-138] Pushed 4 inverter(s) to 7 load pin(s).
INFO: [Opt 31-49] Retargeted 0 cell(s).
Phase 1 Retarget | Checksum: caefb526

Time (s): cpu = 00:00:06 ; elapsed = 00:00:05 . Memory (MB): peak = 1470.582 ; gain = 0.000
INFO: [Opt 31-389] Phase Retarget created 137 cells and removed 214 cells

Phase 2 Constant propagation
INFO: [Opt 31-138] Pushed 22 inverter(s) to 67 load pin(s).
Phase 2 Constant propagation | Checksum: e2e71057

Time (s): cpu = 00:00:09 ; elapsed = 00:00:08 . Memory (MB): peak = 1470.582 ; gain = 0.000
INFO: [Opt 31-389] Phase Constant propagation created 1269 cells and removed 4346 cells

Phase 3 Sweep
Phase 3 Sweep | Checksum: 16a8f9099

Time (s): cpu = 00:00:15 ; elapsed = 00:00:14 . Memory (MB): peak = 1470.582 ; gain = 0.000
INFO: [Opt 31-389] Phase Sweep created 1 cells and removed 4110 cells

Phase 4 BUFG optimization
Phase 4 BUFG optimization | Checksum: 16a8f9099

Time (s): cpu = 00:00:17 ; elapsed = 00:00:16 . Memory (MB): peak = 1470.582 ; gain = 0.000
INFO: [Opt 31-389] Phase BUFG optimization created 0 cells and removed 0 cells

Phase 5 Shift Register Optimization
Phase 5 Shift Register Optimization | Checksum: 16a8f9099

Time (s): cpu = 00:00:18 ; elapsed = 00:00:17 . Memory (MB): peak = 1470.582 ; gain = 0.000
INFO: [Opt 31-389] Phase Shift Register Optimization created 0 cells and removed 0 cells

Starting Connectivity Check Task

Time (s): cpu = 00:00:01 ; elapsed = 00:00:00.129 . Memory (MB): peak = 1470.582 ; gain = 0.000
Ending Logic Optimization Task | Checksum: 13b6fc43b

Time (s): cpu = 00:00:20 ; elapsed = 00:00:19 . Memory (MB): peak = 1470.582 ; gain = 0.000

Starting Power Optimization Task
INFO: [Pwropt 34-132] Skipping clock gating for clocks with a period < 2.00 ns.
INFO: [Timing 38-35] Done setting XDC timing constraints.
INFO: [Pwropt 34-9] Applying IDT optimizations ...
INFO: [Pwropt 34-10] Applying ODC optimizations ...
INFO: [Physopt 32-619] Estimated Timing Summary | WNS=0.355 | TNS=0.000 |
Running Vector-less Activity Propagation...

Finished Running Vector-less Activity Propagation


Starting PowerOpt Patch Enables Task
INFO: [Pwropt 34-162] WRITE_MODE attribute of 0 BRAM(s) out of a total of 50 has been updated to save power. Run report_power_opt to get a complete listing of the BRAMs updated.
INFO: [Pwropt 34-201] Structural ODC has moved 8 WE to EN ports
Number of BRAM Ports augmented: 0 newly gated: 16 Total Ports: 100
Ending PowerOpt Patch Enables Task | Checksum: 1205cf8a6

Time (s): cpu = 00:00:01 ; elapsed = 00:00:00.674 . Memory (MB): peak = 1856.434 ; gain = 0.000
Ending Power Optimization Task | Checksum: 1205cf8a6

Time (s): cpu = 00:00:39 ; elapsed = 00:00:21 . Memory (MB): peak = 1856.434 ; gain = 385.852

Starting Logic Optimization Task
INFO: [Timing 38-35] Done setting XDC timing constraints.

Phase 1 Remap
Phase 1 Remap | Checksum: eed9eb14

Time (s): cpu = 00:00:06 ; elapsed = 00:00:05 . Memory (MB): peak = 1856.434 ; gain = 0.000
INFO: [Opt 31-389] Phase Remap created 8 cells and removed 16 cells
Ending Logic Optimization Task | Checksum: eed9eb14

Time (s): cpu = 00:00:06 ; elapsed = 00:00:05 . Memory (MB): peak = 1856.434 ; gain = 0.000
INFO: [Common 17-83] Releasing license: Implementation
69 Infos, 1 Warnings, 1 Critical Warnings and 0 Errors encountered.
opt_design completed successfully
opt_design: Time (s): cpu = 00:01:14 ; elapsed = 00:00:52 . Memory (MB): peak = 1856.434 ; gain = 385.852
Writing placer database...
Writing XDEF routing.
Writing XDEF routing logical nets.
Writing XDEF routing special nets.
Write XDEF Complete: Time (s): cpu = 00:00:01 ; elapsed = 00:00:00.157 . Memory (MB): peak = 1856.434 ; gain = 0.000
INFO: [Common 17-1381] The checkpoint 'C:/Users/Jonathan/Desktop/proj2/hello_world/helloWorld/helloWorld.runs/impl_1/hello_block_wrapper_opt.dcp' has been generated.
write_checkpoint: Time (s): cpu = 00:00:17 ; elapsed = 00:00:11 . Memory (MB): peak = 1856.434 ; gain = 0.000
INFO: [runtcl-4] Executing : report_drc -file hello_block_wrapper_drc_opted.rpt -pb hello_block_wrapper_drc_opted.pb -rpx hello_block_wrapper_drc_opted.rpx
Command: report_drc -file hello_block_wrapper_drc_opted.rpt -pb hello_block_wrapper_drc_opted.pb -rpx hello_block_wrapper_drc_opted.rpx
INFO: [IP_Flow 19-1839] IP Catalog is up to date.
INFO: [DRC 23-27] Running DRC with 2 threads
INFO: [Coretcl 2-168] The results of DRC are in file C:/Users/Jonathan/Desktop/proj2/hello_world/helloWorld/helloWorld.runs/impl_1/hello_block_wrapper_drc_opted.rpt.
report_drc completed successfully
report_drc: Time (s): cpu = 00:00:09 ; elapsed = 00:00:07 . Memory (MB): peak = 1856.434 ; gain = 0.000
INFO: [Chipscope 16-241] No debug cores found in the current design.
Before running the implement_debug_core command, either use the Set Up Debug wizard (GUI mode)
or use the create_debug_core and connect_debug_core Tcl commands to insert debug cores into the design.
Command: place_design
Attempting to get a license for feature 'Implementation' and/or device 'xc7a100t'
INFO: [Common 17-349] Got license for feature 'Implementation' and/or device 'xc7a100t'
INFO: [DRC 23-27] Running DRC with 2 threads
INFO: [Vivado_Tcl 4-198] DRC finished with 0 Errors
INFO: [Vivado_Tcl 4-199] Please refer to the DRC report (report_drc) for more information.
Running DRC as a precondition to command place_design
INFO: [DRC 23-27] Running DRC with 2 threads
INFO: [Vivado_Tcl 4-198] DRC finished with 0 Errors
INFO: [Vivado_Tcl 4-199] Please refer to the DRC report (report_drc) for more information.

Starting Placer Task
INFO: [Place 30-611] Multithreading enabled for place_design using a maximum of 2 CPUs

Phase 1 Placer Initialization

Phase 1.1 Placer Initialization Netlist Sorting
Netlist sorting complete. Time (s): cpu = 00:00:00 ; elapsed = 00:00:00.132 . Memory (MB): peak = 1856.434 ; gain = 0.000
Phase 1.1 Placer Initialization Netlist Sorting | Checksum: 1061b7547

Time (s): cpu = 00:00:00 ; elapsed = 00:00:00.259 . Memory (MB): peak = 1856.434 ; gain = 0.000
INFO: [Timing 38-35] Done setting XDC timing constraints.
INFO: [Opt 31-138] Pushed 0 inverter(s) to 0 load pin(s).
Netlist sorting complete. Time (s): cpu = 00:00:00 ; elapsed = 00:00:00.120 . Memory (MB): peak = 1856.434 ; gain = 0.000

Phase 1.2 IO Placement/ Clock Placement/ Build Placer Device
INFO: [Timing 38-35] Done setting XDC timing constraints.
Phase 1.2 IO Placement/ Clock Placement/ Build Placer Device | Checksum: 14c80ecd4

Time (s): cpu = 00:00:16 ; elapsed = 00:00:15 . Memory (MB): peak = 1856.434 ; gain = 0.000

Phase 1.3 Build Placer Netlist Model
Phase 1.3 Build Placer Netlist Model | Checksum: 1bc3cb469

Time (s): cpu = 00:00:29 ; elapsed = 00:00:24 . Memory (MB): peak = 1856.434 ; gain = 0.000

Phase 1.4 Constrain Clocks/Macros
Phase 1.4 Constrain Clocks/Macros | Checksum: 1bc3cb469

Time (s): cpu = 00:00:29 ; elapsed = 00:00:24 . Memory (MB): peak = 1856.434 ; gain = 0.000
Phase 1 Placer Initialization | Checksum: 1bc3cb469

Time (s): cpu = 00:00:29 ; elapsed = 00:00:24 . Memory (MB): peak = 1856.434 ; gain = 0.000

Phase 2 Global Placement
Phase 2 Global Placement | Checksum: 228df08bf

Time (s): cpu = 00:01:16 ; elapsed = 00:03:47 . Memory (MB): peak = 1856.434 ; gain = 0.000

Phase 3 Detail Placement

Phase 3.1 Commit Multi Column Macros
Phase 3.1 Commit Multi Column Macros | Checksum: 228df08bf

Time (s): cpu = 00:01:16 ; elapsed = 00:03:47 . Memory (MB): peak = 1856.434 ; gain = 0.000

Phase 3.2 Commit Most Macros & LUTRAMs
Phase 3.2 Commit Most Macros & LUTRAMs | Checksum: 16c5c2e6d

Time (s): cpu = 00:01:25 ; elapsed = 00:03:53 . Memory (MB): peak = 1856.434 ; gain = 0.000

Phase 3.3 Area Swap Optimization
Phase 3.3 Area Swap Optimization | Checksum: 1114e7914

Time (s): cpu = 00:01:25 ; elapsed = 00:03:54 . Memory (MB): peak = 1856.434 ; gain = 0.000

Phase 3.4 Pipeline Register Optimization
Phase 3.4 Pipeline Register Optimization | Checksum: 1165b3a3d

Time (s): cpu = 00:01:25 ; elapsed = 00:03:54 . Memory (MB): peak = 1856.434 ; gain = 0.000

Phase 3.5 Timing Path Optimizer
Phase 3.5 Timing Path Optimizer | Checksum: 1165b3a3d

Time (s): cpu = 00:01:25 ; elapsed = 00:03:54 . Memory (MB): peak = 1856.434 ; gain = 0.000

Phase 3.6 Fast Optimization
Phase 3.6 Fast Optimization | Checksum: 18b1c64c2

Time (s): cpu = 00:01:26 ; elapsed = 00:03:54 . Memory (MB): peak = 1856.434 ; gain = 0.000

Phase 3.7 Small Shape Detail Placement
Phase 3.7 Small Shape Detail Placement | Checksum: 9c52b2af

Time (s): cpu = 00:01:42 ; elapsed = 00:04:11 . Memory (MB): peak = 1856.434 ; gain = 0.000

Phase 3.8 Re-assign LUT pins
Phase 3.8 Re-assign LUT pins | Checksum: 17c86e5da

Time (s): cpu = 00:01:44 ; elapsed = 00:04:14 . Memory (MB): peak = 1856.434 ; gain = 0.000

Phase 3.9 Pipeline Register Optimization
Phase 3.9 Pipeline Register Optimization | Checksum: 11c15e46c

Time (s): cpu = 00:01:44 ; elapsed = 00:04:14 . Memory (MB): peak = 1856.434 ; gain = 0.000

Phase 3.10 Fast Optimization
Phase 3.10 Fast Optimization | Checksum: 7ba4d5c7

Time (s): cpu = 00:01:51 ; elapsed = 00:04:19 . Memory (MB): peak = 1856.434 ; gain = 0.000
Phase 3 Detail Placement | Checksum: 7ba4d5c7

Time (s): cpu = 00:01:51 ; elapsed = 00:04:19 . Memory (MB): peak = 1856.434 ; gain = 0.000

Phase 4 Post Placement Optimization and Clean-Up

Phase 4.1 Post Commit Optimization
INFO: [Timing 38-35] Done setting XDC timing constraints.

Phase 4.1.1 Post Placement Optimization
Post Placement Optimization Initialization | Checksum: b64db7f4

Phase 4.1.1.1 BUFG Insertion
INFO: [Physopt 32-721] Multithreading enabled for phys_opt_design using a maximum of 2 CPUs
INFO: [Place 46-31] BUFG insertion identified 0 candidate nets, 0 success, 0 skipped for placement/routing, 0 skipped for timing, 0 skipped for netlist change reason.
Phase 4.1.1.1 BUFG Insertion | Checksum: b64db7f4

Time (s): cpu = 00:02:05 ; elapsed = 00:04:29 . Memory (MB): peak = 1856.434 ; gain = 0.000
INFO: [Place 30-746] Post Placement Timing Summary WNS=0.515. For the most accurate timing information please run report_timing.
Phase 4.1.1 Post Placement Optimization | Checksum: 194eb0a1d

Time (s): cpu = 00:02:08 ; elapsed = 00:04:33 . Memory (MB): peak = 1856.434 ; gain = 0.000
Phase 4.1 Post Commit Optimization | Checksum: 194eb0a1d

Time (s): cpu = 00:02:08 ; elapsed = 00:04:33 . Memory (MB): peak = 1856.434 ; gain = 0.000

Phase 4.2 Post Placement Cleanup
Phase 4.2 Post Placement Cleanup | Checksum: 194eb0a1d

Time (s): cpu = 00:02:09 ; elapsed = 00:04:33 . Memory (MB): peak = 1856.434 ; gain = 0.000

Phase 4.3 Placer Reporting
Phase 4.3 Placer Reporting | Checksum: 194eb0a1d

Time (s): cpu = 00:02:09 ; elapsed = 00:04:33 . Memory (MB): peak = 1856.434 ; gain = 0.000

Phase 4.4 Final Placement Cleanup
Phase 4.4 Final Placement Cleanup | Checksum: 1a8736fcd

Time (s): cpu = 00:02:09 ; elapsed = 00:04:34 . Memory (MB): peak = 1856.434 ; gain = 0.000
Phase 4 Post Placement Optimization and Clean-Up | Checksum: 1a8736fcd

Time (s): cpu = 00:02:09 ; elapsed = 00:04:34 . Memory (MB): peak = 1856.434 ; gain = 0.000
Ending Placer Task | Checksum: e309914d

Time (s): cpu = 00:02:09 ; elapsed = 00:04:34 . Memory (MB): peak = 1856.434 ; gain = 0.000
INFO: [Common 17-83] Releasing license: Implementation
91 Infos, 1 Warnings, 1 Critical Warnings and 0 Errors encountered.
place_design completed successfully
place_design: Time (s): cpu = 00:02:17 ; elapsed = 00:04:38 . Memory (MB): peak = 1856.434 ; gain = 0.000
Writing placer database...
Writing XDEF routing.
Writing XDEF routing logical nets.
Writing XDEF routing special nets.
Write XDEF Complete: Time (s): cpu = 00:00:12 ; elapsed = 00:00:04 . Memory (MB): peak = 1856.434 ; gain = 0.000
INFO: [Common 17-1381] The checkpoint 'C:/Users/Jonathan/Desktop/proj2/hello_world/helloWorld/helloWorld.runs/impl_1/hello_block_wrapper_placed.dcp' has been generated.
write_checkpoint: Time (s): cpu = 00:00:23 ; elapsed = 00:00:12 . Memory (MB): peak = 1856.434 ; gain = 0.000
INFO: [runtcl-4] Executing : report_io -file hello_block_wrapper_io_placed.rpt
report_io: Time (s): cpu = 00:00:00 ; elapsed = 00:00:00.117 . Memory (MB): peak = 1856.434 ; gain = 0.000
INFO: [runtcl-4] Executing : report_utilization -file hello_block_wrapper_utilization_placed.rpt -pb hello_block_wrapper_utilization_placed.pb
report_utilization: Time (s): cpu = 00:00:00 ; elapsed = 00:00:00.398 . Memory (MB): peak = 1856.434 ; gain = 0.000
INFO: [runtcl-4] Executing : report_control_sets -verbose -file hello_block_wrapper_control_sets_placed.rpt
report_control_sets: Time (s): cpu = 00:00:00 ; elapsed = 00:00:00.160 . Memory (MB): peak = 1856.434 ; gain = 0.000
Command: route_design
Attempting to get a license for feature 'Implementation' and/or device 'xc7a100t'
INFO: [Common 17-349] Got license for feature 'Implementation' and/or device 'xc7a100t'
Running DRC as a precondition to command route_design
INFO: [DRC 23-27] Running DRC with 2 threads
INFO: [Vivado_Tcl 4-198] DRC finished with 0 Errors
INFO: [Vivado_Tcl 4-199] Please refer to the DRC report (report_drc) for more information.


Starting Routing Task
INFO: [Route 35-254] Multithreading enabled for route_design using a maximum of 2 CPUs
Checksum: PlaceDB: 2399d37a ConstDB: 0 ShapeSum: bf6fbdd3 RouteDB: 0

Phase 1 Build RT Design
Phase 1 Build RT Design | Checksum: d3e16827

Time (s): cpu = 00:01:04 ; elapsed = 00:00:58 . Memory (MB): peak = 1856.434 ; gain = 0.000
Post Restoration Checksum: NetGraph: aefeb686 NumContArr: 24e2b1a1 Constraints: 0 Timing: 0

Phase 2 Router Initialization

Phase 2.1 Create Timer
Phase 2.1 Create Timer | Checksum: d3e16827

Time (s): cpu = 00:01:05 ; elapsed = 00:00:59 . Memory (MB): peak = 1856.434 ; gain = 0.000

Phase 2.2 Fix Topology Constraints
Phase 2.2 Fix Topology Constraints | Checksum: d3e16827

Time (s): cpu = 00:01:06 ; elapsed = 00:00:59 . Memory (MB): peak = 1856.434 ; gain = 0.000

Phase 2.3 Pre Route Cleanup
Phase 2.3 Pre Route Cleanup | Checksum: d3e16827

Time (s): cpu = 00:01:06 ; elapsed = 00:00:59 . Memory (MB): peak = 1856.434 ; gain = 0.000
 Number of Nodes with overlaps = 0

Phase 2.4 Update Timing
Phase 2.4 Update Timing | Checksum: 1ed4cb2cf

Time (s): cpu = 00:01:22 ; elapsed = 00:01:10 . Memory (MB): peak = 1856.434 ; gain = 0.000
INFO: [Route 35-416] Intermediate Timing Summary | WNS=0.796  | TNS=0.000  | WHS=-0.741 | THS=-604.730|


Phase 2.5 Update Timing for Bus Skew

Phase 2.5.1 Update Timing
Phase 2.5.1 Update Timing | Checksum: 1594b1fcd

Time (s): cpu = 00:01:31 ; elapsed = 00:01:15 . Memory (MB): peak = 1856.434 ; gain = 0.000
INFO: [Route 35-416] Intermediate Timing Summary | WNS=0.796  | TNS=0.000  | WHS=N/A    | THS=N/A    |

Phase 2.5 Update Timing for Bus Skew | Checksum: 1c9594003

Time (s): cpu = 00:01:32 ; elapsed = 00:01:16 . Memory (MB): peak = 1856.434 ; gain = 0.000
Phase 2 Router Initialization | Checksum: 1994b5b58

Time (s): cpu = 00:01:32 ; elapsed = 00:01:16 . Memory (MB): peak = 1856.434 ; gain = 0.000

Phase 3 Initial Routing
Phase 3 Initial Routing | Checksum: e04ec0ec

Time (s): cpu = 00:02:04 ; elapsed = 00:01:34 . Memory (MB): peak = 1856.434 ; gain = 0.000

Phase 4 Rip-up And Reroute

Phase 4.1 Global Iteration 0
 Number of Nodes with overlaps = 2122
 Number of Nodes with overlaps = 243
 Number of Nodes with overlaps = 43
 Number of Nodes with overlaps = 13
 Number of Nodes with overlaps = 6
 Number of Nodes with overlaps = 1
 Number of Nodes with overlaps = 0
INFO: [Route 35-416] Intermediate Timing Summary | WNS=0.269  | TNS=0.000  | WHS=N/A    | THS=N/A    |

Phase 4.1 Global Iteration 0 | Checksum: 2749f7081

Time (s): cpu = 00:02:40 ; elapsed = 00:01:56 . Memory (MB): peak = 1856.434 ; gain = 0.000

Phase 4.2 Global Iteration 1
 Number of Nodes with overlaps = 12
 Number of Nodes with overlaps = 0
INFO: [Route 35-416] Intermediate Timing Summary | WNS=0.269  | TNS=0.000  | WHS=N/A    | THS=N/A    |

Phase 4.2 Global Iteration 1 | Checksum: 1f30edf12

Time (s): cpu = 00:02:41 ; elapsed = 00:01:57 . Memory (MB): peak = 1856.434 ; gain = 0.000
Phase 4 Rip-up And Reroute | Checksum: 1f30edf12

Time (s): cpu = 00:02:41 ; elapsed = 00:01:57 . Memory (MB): peak = 1856.434 ; gain = 0.000

Phase 5 Delay and Skew Optimization

Phase 5.1 Delay CleanUp

Phase 5.1.1 Update Timing
Phase 5.1.1 Update Timing | Checksum: 16708961c

Time (s): cpu = 00:02:44 ; elapsed = 00:01:59 . Memory (MB): peak = 1856.434 ; gain = 0.000
INFO: [Route 35-416] Intermediate Timing Summary | WNS=0.276  | TNS=0.000  | WHS=N/A    | THS=N/A    |

Phase 5.1 Delay CleanUp | Checksum: 1ffc5a89d

Time (s): cpu = 00:02:44 ; elapsed = 00:01:59 . Memory (MB): peak = 1856.434 ; gain = 0.000

Phase 5.2 Clock Skew Optimization
Phase 5.2 Clock Skew Optimization | Checksum: 1ffc5a89d

Time (s): cpu = 00:02:44 ; elapsed = 00:01:59 . Memory (MB): peak = 1856.434 ; gain = 0.000
Phase 5 Delay and Skew Optimization | Checksum: 1ffc5a89d

Time (s): cpu = 00:02:45 ; elapsed = 00:01:59 . Memory (MB): peak = 1856.434 ; gain = 0.000

Phase 6 Post Hold Fix

Phase 6.1 Hold Fix Iter

Phase 6.1.1 Update Timing
Phase 6.1.1 Update Timing | Checksum: 165beacd0

Time (s): cpu = 00:02:47 ; elapsed = 00:02:01 . Memory (MB): peak = 1856.434 ; gain = 0.000
INFO: [Route 35-416] Intermediate Timing Summary | WNS=0.276  | TNS=0.000  | WHS=0.018  | THS=0.000  |

Phase 6.1 Hold Fix Iter | Checksum: 19e085fe0

Time (s): cpu = 00:02:48 ; elapsed = 00:02:01 . Memory (MB): peak = 1856.434 ; gain = 0.000
Phase 6 Post Hold Fix | Checksum: 19e085fe0

Time (s): cpu = 00:02:48 ; elapsed = 00:02:01 . Memory (MB): peak = 1856.434 ; gain = 0.000

Phase 7 Route finalize

Router Utilization Summary
  Global Vertical Routing Utilization    = 4.66288 %
  Global Horizontal Routing Utilization  = 5.13875 %
  Routable Net Status*
  *Does not include unroutable nets such as driverless and loadless.
  Run report_route_status for detailed report.
  Number of Failed Nets               = 0
  Number of Unrouted Nets             = 0
  Number of Partially Routed Nets     = 0
  Number of Node Overlaps             = 0

Phase 7 Route finalize | Checksum: 1938ce143

Time (s): cpu = 00:02:48 ; elapsed = 00:02:01 . Memory (MB): peak = 1856.434 ; gain = 0.000

Phase 8 Verifying routed nets

 Verification completed successfully
Phase 8 Verifying routed nets | Checksum: 1938ce143

Time (s): cpu = 00:02:48 ; elapsed = 00:02:01 . Memory (MB): peak = 1856.434 ; gain = 0.000

Phase 9 Depositing Routes
Phase 9 Depositing Routes | Checksum: 15a4f1d4f

Time (s): cpu = 00:02:51 ; elapsed = 00:02:04 . Memory (MB): peak = 1856.434 ; gain = 0.000

Phase 10 Post Router Timing
INFO: [Route 35-57] Estimated Timing Summary | WNS=0.276  | TNS=0.000  | WHS=0.018  | THS=0.000  |

INFO: [Route 35-327] The final timing numbers are based on the router estimated timing analysis. For a complete and accurate timing signoff, please run report_timing_summary.
Phase 10 Post Router Timing | Checksum: 15a4f1d4f

Time (s): cpu = 00:02:51 ; elapsed = 00:02:04 . Memory (MB): peak = 1856.434 ; gain = 0.000
INFO: [Route 35-16] Router Completed Successfully

Time (s): cpu = 00:02:51 ; elapsed = 00:02:04 . Memory (MB): peak = 1856.434 ; gain = 0.000

Routing Is Done.
INFO: [Common 17-83] Releasing license: Implementation
110 Infos, 1 Warnings, 1 Critical Warnings and 0 Errors encountered.
route_design completed successfully
route_design: Time (s): cpu = 00:03:00 ; elapsed = 00:02:09 . Memory (MB): peak = 1856.434 ; gain = 0.000
Writing placer database...
Writing XDEF routing.
Writing XDEF routing logical nets.
Writing XDEF routing special nets.
Write XDEF Complete: Time (s): cpu = 00:00:15 ; elapsed = 00:00:05 . Memory (MB): peak = 1856.434 ; gain = 0.000
INFO: [Common 17-1381] The checkpoint 'C:/Users/Jonathan/Desktop/proj2/hello_world/helloWorld/helloWorld.runs/impl_1/hello_block_wrapper_routed.dcp' has been generated.
write_checkpoint: Time (s): cpu = 00:00:24 ; elapsed = 00:00:12 . Memory (MB): peak = 1856.434 ; gain = 0.000
INFO: [runtcl-4] Executing : report_drc -file hello_block_wrapper_drc_routed.rpt -pb hello_block_wrapper_drc_routed.pb -rpx hello_block_wrapper_drc_routed.rpx
Command: report_drc -file hello_block_wrapper_drc_routed.rpt -pb hello_block_wrapper_drc_routed.pb -rpx hello_block_wrapper_drc_routed.rpx
INFO: [IP_Flow 19-1839] IP Catalog is up to date.
INFO: [DRC 23-27] Running DRC with 2 threads
INFO: [Coretcl 2-168] The results of DRC are in file C:/Users/Jonathan/Desktop/proj2/hello_world/helloWorld/helloWorld.runs/impl_1/hello_block_wrapper_drc_routed.rpt.
report_drc completed successfully
report_drc: Time (s): cpu = 00:00:16 ; elapsed = 00:00:09 . Memory (MB): peak = 1856.434 ; gain = 0.000
INFO: [runtcl-4] Executing : report_methodology -file hello_block_wrapper_methodology_drc_routed.rpt -pb hello_block_wrapper_methodology_drc_routed.pb -rpx hello_block_wrapper_methodology_drc_routed.rpx
Command: report_methodology -file hello_block_wrapper_methodology_drc_routed.rpt -pb hello_block_wrapper_methodology_drc_routed.pb -rpx hello_block_wrapper_methodology_drc_routed.rpx
INFO: [Timing 38-35] Done setting XDC timing constraints.
INFO: [Timing 38-35] Done setting XDC timing constraints.
INFO: [DRC 23-133] Running Methodology with 2 threads
INFO: [Coretcl 2-1520] The results of Report Methodology are in file C:/Users/Jonathan/Desktop/proj2/hello_world/helloWorld/helloWorld.runs/impl_1/hello_block_wrapper_methodology_drc_routed.rpt.
report_methodology completed successfully
report_methodology: Time (s): cpu = 00:00:32 ; elapsed = 00:00:19 . Memory (MB): peak = 1867.133 ; gain = 10.699
INFO: [runtcl-4] Executing : report_power -file hello_block_wrapper_power_routed.rpt -pb hello_block_wrapper_power_summary_routed.pb -rpx hello_block_wrapper_power_routed.rpx
Command: report_power -file hello_block_wrapper_power_routed.rpt -pb hello_block_wrapper_power_summary_routed.pb -rpx hello_block_wrapper_power_routed.rpx
INFO: [Timing 38-35] Done setting XDC timing constraints.
Running Vector-less Activity Propagation...

Finished Running Vector-less Activity Propagation
WARNING: [Power 33-332] Found switching activity that implies high-fanout reset nets being asserted for excessive periods of time which may result in inaccurate power analysis.
Resolution: To review and fix problems, please run Power Constraints Advisor in the GUI from Tools > Power Constraints Advisor or run report_power with the -advisory option to generate a text report.
122 Infos, 2 Warnings, 1 Critical Warnings and 0 Errors encountered.
report_power completed successfully
report_power: Time (s): cpu = 00:00:21 ; elapsed = 00:00:13 . Memory (MB): peak = 1970.297 ; gain = 103.164
INFO: [runtcl-4] Executing : report_route_status -file hello_block_wrapper_route_status.rpt -pb hello_block_wrapper_route_status.pb
INFO: [runtcl-4] Executing : report_timing_summary -max_paths 10 -file hello_block_wrapper_timing_summary_routed.rpt -rpx hello_block_wrapper_timing_summary_routed.rpx -warn_on_violation 
INFO: [Timing 38-91] UpdateTimingParams: Speed grade: -1, Delay Type: min_max.
INFO: [Timing 38-191] Multithreading enabled for timing update using a maximum of 2 CPUs
WARNING: [Timing 38-436] There are set_bus_skew constraint(s) in this design. Please run report_bus_skew to ensure that bus skew requirements are met.
INFO: [runtcl-4] Executing : report_incremental_reuse -file hello_block_wrapper_incremental_reuse_routed.rpt
INFO: [Vivado_Tcl 4-545] No incremental reuse to report, no incremental placement and routing data was found.
INFO: [runtcl-4] Executing : report_clock_utilization -file hello_block_wrapper_clock_utilization_routed.rpt
Command: write_bitstream -force hello_block_wrapper.bit
Attempting to get a license for feature 'Implementation' and/or device 'xc7a100t'
INFO: [Common 17-349] Got license for feature 'Implementation' and/or device 'xc7a100t'
Running DRC as a precondition to command write_bitstream
INFO: [IP_Flow 19-1839] IP Catalog is up to date.
INFO: [DRC 23-27] Running DRC with 2 threads
WARNING: [DRC CFGBVS-1] Missing CFGBVS and CONFIG_VOLTAGE Design Properties: Neither the CFGBVS nor CONFIG_VOLTAGE voltage property is set in the current_design.  Configuration bank voltage select (CFGBVS) must be set to VCCO or GND, and CONFIG_VOLTAGE must be set to the correct configuration voltage, in order to determine the I/O voltage support for the pins in bank 0.  It is suggested to specify these either using the 'Edit Device Properties' function in the GUI or directly in the XDC file using the following syntax:

 set_property CFGBVS value1 [current_design]
 #where value1 is either VCCO or GND

 set_property CONFIG_VOLTAGE value2 [current_design]
 #where value2 is the voltage provided to configuration bank 0

Refer to the device configuration user guide for more information.
WARNING: [DRC REQP-1709] Clock output buffering: PLLE2_ADV connectivity violation. The signal hello_block_i/mig_7series_0/u_hello_block_mig_7series_0_0_mig/u_ddr2_infrastructure/pll_clk3_out on the hello_block_i/mig_7series_0/u_hello_block_mig_7series_0_0_mig/u_ddr2_infrastructure/plle2_i/CLKOUT3 pin of hello_block_i/mig_7series_0/u_hello_block_mig_7series_0_0_mig/u_ddr2_infrastructure/plle2_i does not drive the same kind of BUFFER load as the other CLKOUT pins. Routing from the different buffer types will not be phase aligned.
WARNING: [DRC RTSTAT-10] No routable loads: 75 net(s) have no routable loads. The problem bus(es) and/or net(s) are hello_block_i/microblaze_0_axi_periph/m00_couplers/auto_ds/inst/gen_downsizer.gen_simple_downsizer.axi_downsizer_inst/USE_READ.read_addr_inst/cmd_queue/inst/fifo_gen_inst/inst_fifo_gen/gconvfifo.rf/grf.rf/gntv_or_sync_fifo.gl0.rd/gr1.gr1_int.rfwft/aempty_fwft_i, hello_block_i/microblaze_0_axi_periph/m03_couplers/auto_ds/inst/gen_downsizer.gen_simple_downsizer.axi_downsizer_inst/USE_WRITE.write_addr_inst/cmd_queue/inst/fifo_gen_inst/inst_fifo_gen/gconvfifo.rf/grf.rf/gntv_or_sync_fifo.gl0.rd/gr1.gr1_int.rfwft/aempty_fwft_i, hello_block_i/microblaze_0_axi_periph/m02_couplers/auto_cc/inst/gen_clock_conv.gen_async_conv.asyncfifo_axi/inst_fifo_gen/gaxi_full_lite.gread_ch.grdch2.axi_rdch/grf.rf/gntv_or_sync_fifo.gl0.rd/gr1.gr1_int.rfwft/aempty_fwft_i, hello_block_i/microblaze_0_axi_periph/m03_couplers/auto_ds/inst/gen_downsizer.gen_simple_downsizer.axi_downsizer_inst/USE_WRITE.write_addr_inst/USE_B_CHANNEL.cmd_b_queue/inst/fifo_gen_inst/inst_fifo_gen/gconvfifo.rf/grf.rf/gntv_or_sync_fifo.gl0.rd/gr1.gr1_int.rfwft/aempty_fwft_i, hello_block_i/microblaze_0_axi_periph/m02_couplers/auto_cc/inst/gen_clock_conv.gen_async_conv.asyncfifo_axi/inst_fifo_gen/gaxi_full_lite.gread_ch.grach2.axi_rach/grf.rf/gntv_or_sync_fifo.gl0.rd/gr1.gr1_int.rfwft/aempty_fwft_i, hello_block_i/microblaze_0_axi_periph/m00_couplers/auto_ds/inst/gen_downsizer.gen_simple_downsizer.axi_downsizer_inst/USE_WRITE.write_addr_inst/USE_B_CHANNEL.cmd_b_queue/inst/fifo_gen_inst/inst_fifo_gen/gconvfifo.rf/grf.rf/gntv_or_sync_fifo.gl0.rd/gr1.gr1_int.rfwft/aempty_fwft_i, hello_block_i/microblaze_0_axi_periph/m01_couplers/auto_ds/inst/gen_downsizer.gen_simple_downsizer.axi_downsizer_inst/USE_WRITE.write_addr_inst/USE_B_CHANNEL.cmd_b_queue/inst/fifo_gen_inst/inst_fifo_gen/gconvfifo.rf/grf.rf/gntv_or_sync_fifo.gl0.rd/gr1.gr1_int.rfwft/aempty_fwft_i, hello_block_i/microblaze_0_axi_periph/m03_couplers/auto_ds/inst/gen_downsizer.gen_simple_downsizer.axi_downsizer_inst/USE_READ.read_addr_inst/cmd_queue/inst/fifo_gen_inst/inst_fifo_gen/gconvfifo.rf/grf.rf/gntv_or_sync_fifo.gl0.rd/gr1.gr1_int.rfwft/aempty_fwft_i, hello_block_i/microblaze_0_axi_periph/m04_couplers/auto_ds/inst/gen_downsizer.gen_simple_downsizer.axi_downsizer_inst/USE_WRITE.write_addr_inst/USE_B_CHANNEL.cmd_b_queue/inst/fifo_gen_inst/inst_fifo_gen/gconvfifo.rf/grf.rf/gntv_or_sync_fifo.gl0.rd/gr1.gr1_int.rfwft/aempty_fwft_i, hello_block_i/microblaze_0_axi_periph/m02_couplers/auto_cc/inst/gen_clock_conv.gen_async_conv.asyncfifo_axi/inst_fifo_gen/gaxi_full_lite.gwrite_ch.gwdch2.axi_wdch/grf.rf/gntv_or_sync_fifo.gl0.rd/gr1.gr1_int.rfwft/aempty_fwft_i, hello_block_i/microblaze_0_axi_periph/m04_couplers/auto_ds/inst/gen_downsizer.gen_simple_downsizer.axi_downsizer_inst/USE_READ.read_addr_inst/cmd_queue/inst/fifo_gen_inst/inst_fifo_gen/gconvfifo.rf/grf.rf/gntv_or_sync_fifo.gl0.rd/gr1.gr1_int.rfwft/aempty_fwft_i, hello_block_i/microblaze_0_axi_periph/m00_couplers/auto_ds/inst/gen_downsizer.gen_simple_downsizer.axi_downsizer_inst/USE_WRITE.write_addr_inst/cmd_queue/inst/fifo_gen_inst/inst_fifo_gen/gconvfifo.rf/grf.rf/gntv_or_sync_fifo.gl0.rd/gr1.gr1_int.rfwft/aempty_fwft_i, hello_block_i/microblaze_0_axi_periph/m01_couplers/auto_ds/inst/gen_downsizer.gen_simple_downsizer.axi_downsizer_inst/USE_WRITE.write_addr_inst/cmd_queue/inst/fifo_gen_inst/inst_fifo_gen/gconvfifo.rf/grf.rf/gntv_or_sync_fifo.gl0.rd/gr1.gr1_int.rfwft/aempty_fwft_i, hello_block_i/microblaze_0_axi_periph/m02_couplers/auto_cc/inst/gen_clock_conv.gen_async_conv.asyncfifo_axi/inst_fifo_gen/gaxi_full_lite.gwrite_ch.gwrch2.axi_wrch/grf.rf/gntv_or_sync_fifo.gl0.rd/gr1.gr1_int.rfwft/aempty_fwft_i, hello_block_i/microblaze_0_axi_periph/m02_couplers/auto_cc/inst/gen_clock_conv.gen_async_conv.asyncfifo_axi/inst_fifo_gen/gaxi_full_lite.gwrite_ch.gwach2.axi_wach/grf.rf/gntv_or_sync_fifo.gl0.rd/gr1.gr1_int.rfwft/aempty_fwft_i... and (the first 15 of 75 listed).
INFO: [Vivado 12-3199] DRC finished with 0 Errors, 3 Warnings
INFO: [Vivado 12-3200] Please refer to the DRC report (report_drc) for more information.
INFO: [Project 1-821] Please set project.enableDesignId to be 'true'.
INFO: [Designutils 20-2272] Running write_bitstream with 2 threads.
Loading data files...
Loading site data...
Loading route data...
Processing options...
Creating bitmap...
Creating bitstream...
Writing bitstream ./hello_block_wrapper.bit...
INFO: [Vivado 12-1842] Bitgen Completed Successfully.
INFO: [Project 1-120] WebTalk data collection is mandatory when using a WebPACK part without a full Vivado license. To see the specific WebTalk data collected for your design, open the usage_statistics_webtalk.html or usage_statistics_webtalk.xml file in the implementation directory.
INFO: [Common 17-186] 'C:/Users/Jonathan/Desktop/proj2/hello_world/helloWorld/helloWorld.runs/impl_1/usage_statistics_webtalk.xml' has been successfully sent to Xilinx on Wed May  2 16:51:01 2018. For additional details about this file, please refer to the WebTalk help file at C:/Xilinx/Vivado/2017.4/doc/webtalk_introduction.html.
INFO: [Common 17-83] Releasing license: Implementation
140 Infos, 6 Warnings, 1 Critical Warnings and 0 Errors encountered.
write_bitstream completed successfully
write_bitstream: Time (s): cpu = 00:01:00 ; elapsed = 00:00:47 . Memory (MB): peak = 2423.688 ; gain = 448.375
INFO: [Common 17-206] Exiting Vivado at Wed May  2 16:51:02 2018...
